Using pre-set license
Built from '2021.3/staging' branch; Version is '2021.3.3f1 (af2e63e8f9bd) revision 11480675'; Using compiler version '192829333'; Build Type 'Release'
OS: 'Windows 11  (10.0.22631) 64bit Core' Language: 'ja' Physical Memory: 16163 MB
BatchMode: 1, IsHumanControllingUs: 0, StartBugReporterOnCrash: 0, Is64bit: 1, IsPro: 1

COMMAND LINE ARGUMENTS:
C:\Program Files\Unity\Hub\Editor\2021.3.3f1\Editor\Unity.exe
-adb2
-batchMode
-noUpm
-name
AssetImportWorker2
-projectPath
C:/Users/himak/TPU_GAME/VRTEST2
-logFile
Logs/AssetImportWorker2.log
-srvPort
53219
Successfully changed project path to: C:/Users/himak/TPU_GAME/VRTEST2
C:/Users/himak/TPU_GAME/VRTEST2
[UnityMemory] Configuration Parameters - Can be set up in boot.config
    "memorysetup-bucket-allocator-granularity=16"
    "memorysetup-bucket-allocator-bucket-count=8"
    "memorysetup-bucket-allocator-block-size=33554432"
    "memorysetup-bucket-allocator-block-count=8"
    "memorysetup-main-allocator-block-size=16777216"
    "memorysetup-thread-allocator-block-size=16777216"
    "memorysetup-gfx-main-allocator-block-size=16777216"
    "memorysetup-gfx-thread-allocator-block-size=16777216"
    "memorysetup-cache-allocator-block-size=4194304"
    "memorysetup-typetree-allocator-block-size=2097152"
    "memorysetup-profiler-bucket-allocator-granularity=16"
    "memorysetup-profiler-bucket-allocator-bucket-count=8"
    "memorysetup-profiler-bucket-allocator-block-size=33554432"
    "memorysetup-profiler-bucket-allocator-block-count=8"
    "memorysetup-profiler-allocator-block-size=16777216"
    "memorysetup-profiler-editor-allocator-block-size=1048576"
    "memorysetup-temp-allocator-size-main=16777216"
    "memorysetup-job-temp-allocator-block-size=2097152"
    "memorysetup-job-temp-allocator-block-size-background=1048576"
    "memorysetup-job-temp-allocator-reduction-small-platforms=262144"
    "memorysetup-temp-allocator-size-background-worker=32768"
    "memorysetup-temp-allocator-size-job-worker=262144"
    "memorysetup-temp-allocator-size-preload-manager=33554432"
    "memorysetup-temp-allocator-size-nav-mesh-worker=65536"
    "memorysetup-temp-allocator-size-audio-worker=65536"
    "memorysetup-temp-allocator-size-cloud-worker=32768"
    "memorysetup-temp-allocator-size-gi-baking-worker=262144"
    "memorysetup-temp-allocator-size-gfx=262144"
Refreshing native plugins compatible for Editor in 166.49 ms, found 29 plugins.
Preloading 1 native plugins for Editor in 1.04 ms.
Initialize engine version: 2021.3.3f1 (af2e63e8f9bd)
[Subsystems] Discovering subsystems at path C:/Program Files/Unity/Hub/Editor/2021.3.3f1/Editor/Data/Resources/UnitySubsystems
[Subsystems] Discovering subsystems at path C:/Users/himak/TPU_GAME/VRTEST2/Assets
GfxDevice: creating device client; threaded=0; jobified=0
Direct3D:
    Version:  Direct3D 11.0 [level 11.1]
    Renderer: NVIDIA GeForce RTX 3050 Laptop GPU (ID=0x25a2)
    Vendor:   NVIDIA
    VRAM:     3964 MB
    Driver:   32.0.15.5599
Shader 'Oculus/OVRMRCameraFrameLit': fallback shader 'Alpha-Diffuse' not found
Shader 'PIDI Shaders Collection/Planar Reflections 4/Water Shaders/Mobile Water': fallback shader 'Transparent' not found
Shader 'PIDI Shaders Collection/Planar Reflections 4/Water Shaders/Mobile Water (Depth)': fallback shader 'Transparent' not found
Shader 'PIDI Shaders Collection/Planar Reflections 4/Water Shaders/Advanced (Tessellation)': fallback shader 'Transparent' not found
Initialize mono
Mono path[0] = 'C:/Program Files/Unity/Hub/Editor/2021.3.3f1/Editor/Data/Managed'
Mono path[1] = 'C:/Program Files/Unity/Hub/Editor/2021.3.3f1/Editor/Data/MonoBleedingEdge/lib/mono/unityjit-win32'
Mono config path = 'C:/Program Files/Unity/Hub/Editor/2021.3.3f1/Editor/Data/MonoBleedingEdge/etc'
Using monoOptions --debugger-agent=transport=dt_socket,embedding=1,server=y,suspend=n,address=127.0.0.1:56656
Begin MonoManager ReloadAssembly
Registering precompiled unity dll's ...
Register platform support module: C:/Program Files/Unity/Hub/Editor/2021.3.3f1/Editor/Data/PlaybackEngines/AndroidPlayer/UnityEditor.Android.Extensions.dll
Register platform support module: C:/Program Files/Unity/Hub/Editor/2021.3.3f1/Editor/Data/PlaybackEngines/WindowsStandaloneSupport/UnityEditor.WindowsStandalone.Extensions.dll
Registered in 0.005851 seconds.
Native extension for WindowsStandalone target not found
Native extension for Android target not found
Refreshing native plugins compatible for Editor in 108.94 ms, found 29 plugins.
Preloading 1 native plugins for Editor in 0.09 ms.
Mono: successfully reloaded assembly
- Completed reload, in  0.582 seconds
Domain Reload Profiling:
	ReloadAssembly (583ms)
		BeginReloadAssembly (79ms)
			ExecutionOrderSort (0ms)
			DisableScriptedObjects (0ms)
			BackupInstance (0ms)
			ReleaseScriptingObjects (0ms)
			CreateAndSetChildDomain (1ms)
		EndReloadAssembly (415ms)
			LoadAssemblies (79ms)
			RebuildTransferFunctionScriptingTraits (0ms)
			SetupTypeCache (81ms)
			ReleaseScriptCaches (0ms)
			RebuildScriptCaches (25ms)
			SetupLoadedEditorAssemblies (267ms)
				LogAssemblyErrors (0ms)
				InitializePlatformSupportModulesInManaged (44ms)
				SetLoadedEditorAssemblies (2ms)
				RefreshPlugins (109ms)
				BeforeProcessingInitializeOnLoad (1ms)
				ProcessInitializeOnLoadAttributes (76ms)
				ProcessInitializeOnLoadMethodAttributes (36ms)
				AfterProcessingInitializeOnLoad (0ms)
				EditorAssembliesLoaded (0ms)
			ExecutionOrderSort2 (0ms)
			AwakeInstancesAfterBackupRestoration (0ms)
Platform modules already initialized, skipping
Registering precompiled user dll's ...
Registered in 0.023537 seconds.
Begin MonoManager ReloadAssembly
Symbol file LoadedFromMemory doesn't match image C:\Users\himak\TPU_GAME\VRTEST2\Library\PackageCache\com.unity.visualscripting@1.7.6\Editor\VisualScripting.Core\Dependencies\DotNetZip\Unity.VisualScripting.IonicZip.dll
Symbol file LoadedFromMemory doesn't match image C:\Users\himak\TPU_GAME\VRTEST2\Library\PackageCache\com.unity.visualscripting@1.7.6\Editor\VisualScripting.Core\Dependencies\YamlDotNet\Unity.VisualScripting.YamlDotNet.dll
Native extension for WindowsStandalone target not found
Native extension for Android target not found
Refreshing native plugins compatible for Editor in 1.24 ms, found 29 plugins.
Preloading 1 native plugins for Editor in 0.10 ms.
Package Manager log level set to [2]
[XR] OculusXRPlugin: registering subsystems
[XR] Unable to register display lifecyle provider: [1]
[XR] Oculus Input lifecycle provider registered.
[XR] Unable to register input lifecyle provider: [1]
[XR] OVRP version 1.73.0
Mono: successfully reloaded assembly
- Completed reload, in  1.248 seconds
Domain Reload Profiling:
	ReloadAssembly (1249ms)
		BeginReloadAssembly (204ms)
			ExecutionOrderSort (0ms)
			DisableScriptedObjects (5ms)
			BackupInstance (0ms)
			ReleaseScriptingObjects (0ms)
			CreateAndSetChildDomain (116ms)
		EndReloadAssembly (946ms)
			LoadAssemblies (132ms)
			RebuildTransferFunctionScriptingTraits (0ms)
			SetupTypeCache (262ms)
			ReleaseScriptCaches (1ms)
			RebuildScriptCaches (84ms)
			SetupLoadedEditorAssemblies (438ms)
				LogAssemblyErrors (0ms)
				InitializePlatformSupportModulesInManaged (11ms)
				SetLoadedEditorAssemblies (0ms)
				RefreshPlugins (1ms)
				BeforeProcessingInitializeOnLoad (84ms)
				ProcessInitializeOnLoadAttributes (298ms)
				ProcessInitializeOnLoadMethodAttributes (38ms)
				AfterProcessingInitializeOnLoad (5ms)
				EditorAssembliesLoaded (0ms)
			ExecutionOrderSort2 (0ms)
			AwakeInstancesAfterBackupRestoration (5ms)
Platform modules already initialized, skipping
========================================================================
Worker process is ready to serve import requests
Shader 'PIDI Shaders Collection/Planar Reflections 4/Water Shaders/Mobile Water': fallback shader 'Transparent' not found
Shader 'Oculus/OVRMRCameraFrameLit': fallback shader 'Alpha-Diffuse' not found
Shader 'PIDI Shaders Collection/Planar Reflections 4/Water Shaders/Mobile Water (Depth)': fallback shader 'Transparent' not found
Shader 'PIDI Shaders Collection/Planar Reflections 4/Water Shaders/Advanced (Tessellation)': fallback shader 'Transparent' not found
Launched and connected shader compiler UnityShaderCompiler.exe after 0.06 seconds
Refreshing native plugins compatible for Editor in 2.21 ms, found 29 plugins.
Preloading 1 native plugins for Editor in 0.14 ms.
Unloading 5300 Unused Serialized files (Serialized files now loaded: 0)
Unloading 95 unused Assets / (2.1 MB). Loaded Objects now: 5743.
Memory consumption went from 327.7 MB to 325.5 MB.
Total: 4.520600 ms (FindLiveObjects: 0.606900 ms CreateObjectMapping: 0.273400 ms MarkObjects: 2.759400 ms  DeleteObjects: 0.879500 ms)

AssetImportParameters requested are different than current active one (requested -> active):
  custom:video-decoder-ogg-theora: a1e56fd34408186e4bbccfd4996cb3dc -> 
  custom:container-muxer-webm: aa71ff27fc2769a1b78a27578f13a17b -> 
  custom:container-demuxer-webm: 4f35f7cbe854078d1ac9338744f61a02 -> 
  custom:video-encoder-webm-vp8: eb34c28f22e8b96e1ab97ce403110664 -> 
  custom:video-codec-MediaFoundation-h265: 746d11721c4dcdbdad8f713fa42b33f4 -> 
  custom:audio-encoder-webm-vorbis: bf7c407c2cedff20999df2af8eb42d56 -> 
  custom:framework-win-MediaFoundation: 216162199b28c13a410421893ffa2e32 -> 
  custom:container-demuxer-ogg: 62fdf1f143b41e24485cea50d1cbac27 -> 
  custom:video-decoder-webm-vp8: 9c59270c3fd7afecdb556c50c9e8de78 -> 
  custom:audio-decoder-ogg-vorbis: bf7c407c2cedff20999df2af8eb42d56 -> 
========================================================================
Received Import Request.
  Time since last request: 121106.379453 seconds.
  path: Assets/Resources/TextMesh Pro/Resources/Fonts & Materials
  artifactKey: Guid(731f1baa9d144a9897cb1d341c2092b8) Importer(815301076,1909f56bfc062723c751e8b465ee728b)
Start importing Assets/Resources/TextMesh Pro/Resources/Fonts & Materials using Guid(731f1baa9d144a9897cb1d341c2092b8) Importer(815301076,1909f56bfc062723c751e8b465ee728b)  -> (artifact id: 'a8a5343dd66316b9eb35bafbffda078a') in 0.013950 seconds 
========================================================================
Received Import Request.
  Time since last request: 0.037411 seconds.
  path: Assets/Resources/TextMesh Pro/Resources/Fonts & Materials/LiberationSans SDF - Drop Shadow.mat
  artifactKey: Guid(e73a58f6e2794ae7b1b7e50b7fb811b0) Importer(815301076,1909f56bfc062723c751e8b465ee728b)
Start importing Assets/Resources/TextMesh Pro/Resources/Fonts & Materials/LiberationSans SDF - Drop Shadow.mat using Guid(e73a58f6e2794ae7b1b7e50b7fb811b0) Importer(815301076,1909f56bfc062723c751e8b465ee728b)  -> (artifact id: '8a87347051833d267bdb3afb14967cb2') in 0.107572 seconds 
========================================================================
Received Import Request.
  Time since last request: 9.412330 seconds.
  path: Assets/prefabs/Tire/Material
  artifactKey: Guid(5a37415663aacba49914ea1adb058aeb) Importer(815301076,1909f56bfc062723c751e8b465ee728b)
Start importing Assets/prefabs/Tire/Material using Guid(5a37415663aacba49914ea1adb058aeb) Importer(815301076,1909f56bfc062723c751e8b465ee728b)  -> (artifact id: 'f5acfec7df762527b09961992d6e2d23') in 0.015150 seconds 
========================================================================
Received Import Request.
  Time since last request: 0.039612 seconds.
  path: Assets/prefabs/Tire/Material/Tire.mat
  artifactKey: Guid(8ec9b5b56ee666c4f86282ccc53d5952) Importer(815301076,1909f56bfc062723c751e8b465ee728b)
Start importing Assets/prefabs/Tire/Material/Tire.mat using Guid(8ec9b5b56ee666c4f86282ccc53d5952) Importer(815301076,1909f56bfc062723c751e8b465ee728b)  -> (artifact id: '67693fda41a4a83e14d9c2149affc928') in 0.087974 seconds 
========================================================================
Received Import Request.
  Time since last request: 4.701173 seconds.
  path: Assets/Oculus/Interaction/Runtime/Scripts/MaterialProperties
  artifactKey: Guid(e23ddd62193228a468e2d6bf95093dd3) Importer(815301076,1909f56bfc062723c751e8b465ee728b)
Start importing Assets/Oculus/Interaction/Runtime/Scripts/MaterialProperties using Guid(e23ddd62193228a468e2d6bf95093dd3) Importer(815301076,1909f56bfc062723c751e8b465ee728b)  -> (artifact id: '05862ef068e3d36bfe810ae3fe847e7b') in 0.004917 seconds 
========================================================================
Received Import Request.
  Time since last request: 3.163368 seconds.
  path: Assets/Oculus/SampleFramework/Usage/SharedAssets/Materials
  artifactKey: Guid(26158d286dc929b4499f1d75dca7d554) Importer(815301076,1909f56bfc062723c751e8b465ee728b)
Start importing Assets/Oculus/SampleFramework/Usage/SharedAssets/Materials using Guid(26158d286dc929b4499f1d75dca7d554) Importer(815301076,1909f56bfc062723c751e8b465ee728b)  -> (artifact id: 'd74a96d752ca3619aa33b93ba2035ccb') in 0.005148 seconds 
========================================================================
Received Import Request.
  Time since last request: 0.033464 seconds.
  path: Assets/Oculus/SampleFramework/Usage/SharedAssets/Materials/Ball03.mat
  artifactKey: Guid(d73f8afe478afde498d6b36047a52c73) Importer(815301076,1909f56bfc062723c751e8b465ee728b)
Start importing Assets/Oculus/SampleFramework/Usage/SharedAssets/Materials/Ball03.mat using Guid(d73f8afe478afde498d6b36047a52c73) Importer(815301076,1909f56bfc062723c751e8b465ee728b)  -> (artifact id: 'dee7707e5f225ea935e9e7ef189b44e3') in 0.059069 seconds 
========================================================================
Received Import Request.
  Time since last request: 0.000022 seconds.
  path: Assets/Oculus/SampleFramework/Usage/SharedAssets/Materials/ToyCubeMat.mat
  artifactKey: Guid(b63c152e975e0be45929851911662d79) Importer(815301076,1909f56bfc062723c751e8b465ee728b)
Start importing Assets/Oculus/SampleFramework/Usage/SharedAssets/Materials/ToyCubeMat.mat using Guid(b63c152e975e0be45929851911662d79) Importer(815301076,1909f56bfc062723c751e8b465ee728b)  -> (artifact id: '8249fdeac8bae7cbdf0035d205c23599') in 0.023487 seconds 
========================================================================
Received Import Request.
  Time since last request: 0.000022 seconds.
  path: Assets/Oculus/SampleFramework/Usage/SharedAssets/Materials/MAT_room_atlas_01.mat
  artifactKey: Guid(c06f24316d5a9416686642a56431ea32) Importer(815301076,1909f56bfc062723c751e8b465ee728b)
Start importing Assets/Oculus/SampleFramework/Usage/SharedAssets/Materials/MAT_room_atlas_01.mat using Guid(c06f24316d5a9416686642a56431ea32) Importer(815301076,1909f56bfc062723c751e8b465ee728b)  -> (artifact id: '3db533124ac67100bcdf6559d9e1d02a') in 0.055996 seconds 
========================================================================
Received Import Request.
  Time since last request: 33.218508 seconds.
  path: Assets/Oculus/SampleFramework/Usage/SceneManager/Materials
  artifactKey: Guid(fde49210fae9166459d649c1beee764a) Importer(815301076,1909f56bfc062723c751e8b465ee728b)
Start importing Assets/Oculus/SampleFramework/Usage/SceneManager/Materials using Guid(fde49210fae9166459d649c1beee764a) Importer(815301076,1909f56bfc062723c751e8b465ee728b)  -> (artifact id: '260bf098e9464533174921e15022980e') in 0.004825 seconds 
========================================================================
Received Import Request.
  Time since last request: 0.040330 seconds.
  path: Assets/Oculus/SampleFramework/Usage/SceneManager/Materials/Ball Hidden.mat
  artifactKey: Guid(9827083418370bd4383a7507ca039547) Importer(815301076,1909f56bfc062723c751e8b465ee728b)
Start importing Assets/Oculus/SampleFramework/Usage/SceneManager/Materials/Ball Hidden.mat using Guid(9827083418370bd4383a7507ca039547) Importer(815301076,1909f56bfc062723c751e8b465ee728b)  -> (artifact id: 'fb744a345e1d29209da14257065e97fd') in 0.092295 seconds 
========================================================================
Received Import Request.
  Time since last request: 0.000024 seconds.
  path: Assets/Oculus/SampleFramework/Usage/SceneManager/Materials/OverwriteAlpha.mat
  artifactKey: Guid(a64b8dbc22e273046956b88552913ade) Importer(815301076,1909f56bfc062723c751e8b465ee728b)
Start importing Assets/Oculus/SampleFramework/Usage/SceneManager/Materials/OverwriteAlpha.mat using Guid(a64b8dbc22e273046956b88552913ade) Importer(815301076,1909f56bfc062723c751e8b465ee728b)  -> (artifact id: '239a80682dbb0787272256dccb56ac25') in 0.024334 seconds 
========================================================================
Received Import Request.
  Time since last request: 0.000021 seconds.
  path: Assets/Oculus/SampleFramework/Usage/SceneManager/Materials/InvisibleOccluder.mat
  artifactKey: Guid(b8bd68487053dd84fbf7fabc4b50bd16) Importer(815301076,1909f56bfc062723c751e8b465ee728b)
Start importing Assets/Oculus/SampleFramework/Usage/SceneManager/Materials/InvisibleOccluder.mat using Guid(b8bd68487053dd84fbf7fabc4b50bd16) Importer(815301076,1909f56bfc062723c751e8b465ee728b)  -> (artifact id: '4dd4eb7b24db44b035b6261415d3f7af') in 0.013157 seconds 
========================================================================
Received Import Request.
  Time since last request: 0.000033 seconds.
  path: Assets/Oculus/SampleFramework/Usage/SceneManager/Materials/Wall.mat
  artifactKey: Guid(6e93b83e074481a4c99644a6ef0f2526) Importer(815301076,1909f56bfc062723c751e8b465ee728b)
Start importing Assets/Oculus/SampleFramework/Usage/SceneManager/Materials/Wall.mat using Guid(6e93b83e074481a4c99644a6ef0f2526) Importer(815301076,1909f56bfc062723c751e8b465ee728b)  -> (artifact id: 'b95969cc224d3777bcbb40bf3843eaac') in 0.112641 seconds 
========================================================================
Received Import Request.
  Time since last request: 6.063024 seconds.
  path: Assets/Resources/TextMesh Pro/Examples & Extras/Materials
  artifactKey: Guid(5808953df7a24274a851aa6dee52d30e) Importer(815301076,1909f56bfc062723c751e8b465ee728b)
Start importing Assets/Resources/TextMesh Pro/Examples & Extras/Materials using Guid(5808953df7a24274a851aa6dee52d30e) Importer(815301076,1909f56bfc062723c751e8b465ee728b)  -> (artifact id: 'abd6bc4f66c018c92441a525e03b9269') in 0.004879 seconds 
========================================================================
Received Import Request.
  Time since last request: 0.024315 seconds.
  path: Assets/Resources/TextMesh Pro/Examples & Extras/Materials/Crate - Surface Shader Scene.mat
  artifactKey: Guid(e6b9b44320f4448d9d5e0ee634259966) Importer(815301076,1909f56bfc062723c751e8b465ee728b)
Start importing Assets/Resources/TextMesh Pro/Examples & Extras/Materials/Crate - Surface Shader Scene.mat using Guid(e6b9b44320f4448d9d5e0ee634259966) Importer(815301076,1909f56bfc062723c751e8b465ee728b)  -> (artifact id: '09acdd18df016c03b914b325637e0f8f') in 0.098024 seconds 
========================================================================
Received Import Request.
  Time since last request: 6.090917 seconds.
  path: Assets/Oculus/SampleFramework/Usage/OVROverlayCanvas/Materials
  artifactKey: Guid(991fe756c49fc274096dc1fc55c4f784) Importer(815301076,1909f56bfc062723c751e8b465ee728b)
Start importing Assets/Oculus/SampleFramework/Usage/OVROverlayCanvas/Materials using Guid(991fe756c49fc274096dc1fc55c4f784) Importer(815301076,1909f56bfc062723c751e8b465ee728b)  -> (artifact id: 'e531eea510494f171965487a1ea729f5') in 0.014854 seconds 
========================================================================
Received Import Request.
  Time since last request: 4.238583 seconds.
  path: Assets/Oculus/SampleFramework/Usage/OVROverlay/Materials
  artifactKey: Guid(62fe047d2f90a004faf409a39409026f) Importer(815301076,1909f56bfc062723c751e8b465ee728b)
Start importing Assets/Oculus/SampleFramework/Usage/OVROverlay/Materials using Guid(62fe047d2f90a004faf409a39409026f) Importer(815301076,1909f56bfc062723c751e8b465ee728b)  -> (artifact id: '12995cc9fe3d416ee34dfc5537d758fe') in 0.003851 seconds 
========================================================================
Received Import Request.
  Time since last request: 0.022308 seconds.
  path: Assets/Oculus/SampleFramework/Usage/OVROverlay/Materials/OverlayDynamicTexture.mat
  artifactKey: Guid(5365fc7c3d82d4343b1591d8ea4bd539) Importer(815301076,1909f56bfc062723c751e8b465ee728b)
Start importing Assets/Oculus/SampleFramework/Usage/OVROverlay/Materials/OverlayDynamicTexture.mat using Guid(5365fc7c3d82d4343b1591d8ea4bd539) Importer(815301076,1909f56bfc062723c751e8b465ee728b)  -> (artifact id: '398f4aab3d214d84f04e972f0ccd5cfd') in 0.023536 seconds 
========================================================================
Received Import Request.
  Time since last request: 0.000020 seconds.
  path: Assets/Oculus/SampleFramework/Usage/OVROverlay/Materials/Tile_Mat_Lost.mat
  artifactKey: Guid(91e0b34c2b2f4e044921cd8113d0d663) Importer(815301076,1909f56bfc062723c751e8b465ee728b)
Start importing Assets/Oculus/SampleFramework/Usage/OVROverlay/Materials/Tile_Mat_Lost.mat using Guid(91e0b34c2b2f4e044921cd8113d0d663) Importer(815301076,1909f56bfc062723c751e8b465ee728b)  -> (artifact id: '3c916b31383e80f18445c66f77d8cfb1') in 0.026159 seconds 
========================================================================
Received Import Request.
  Time since last request: 0.000029 seconds.
  path: Assets/Oculus/SampleFramework/Usage/OVROverlay/Materials/Tile_Mat_Farlands.mat
  artifactKey: Guid(b2e6fa7c3e83eee489247ced515747cf) Importer(815301076,1909f56bfc062723c751e8b465ee728b)
Start importing Assets/Oculus/SampleFramework/Usage/OVROverlay/Materials/Tile_Mat_Farlands.mat using Guid(b2e6fa7c3e83eee489247ced515747cf) Importer(815301076,1909f56bfc062723c751e8b465ee728b)  -> (artifact id: 'd4b891337e36f27132df0f2ee169e843') in 0.020017 seconds 
========================================================================
Received Import Request.
  Time since last request: 5.390902 seconds.
  path: Assets/Oculus/SampleFramework/Usage/Locomotion/Materials
  artifactKey: Guid(f543cb99e55dcc34697f79c690436f7d) Importer(815301076,1909f56bfc062723c751e8b465ee728b)
Start importing Assets/Oculus/SampleFramework/Usage/Locomotion/Materials using Guid(f543cb99e55dcc34697f79c690436f7d) Importer(815301076,1909f56bfc062723c751e8b465ee728b)  -> (artifact id: '6b5d1e20c5772bc609b78fda65688c2f') in 0.005311 seconds 
========================================================================
Received Import Request.
  Time since last request: 0.054732 seconds.
  path: Assets/Oculus/SampleFramework/Usage/Locomotion/Materials/DebugDrawLine.mat
  artifactKey: Guid(b4fdc20717507cc48b28ef9db82f0d5f) Importer(815301076,1909f56bfc062723c751e8b465ee728b)
Start importing Assets/Oculus/SampleFramework/Usage/Locomotion/Materials/DebugDrawLine.mat using Guid(b4fdc20717507cc48b28ef9db82f0d5f) Importer(815301076,1909f56bfc062723c751e8b465ee728b)  -> (artifact id: '64df5d50e6757cd35c3ef0311484ed04') in 0.018227 seconds 
========================================================================
Received Import Request.
  Time since last request: 0.000021 seconds.
  path: Assets/Oculus/SampleFramework/Usage/Locomotion/Materials/MAT_floor_tile_01.mat
  artifactKey: Guid(5c3d5738fa2d6483bb8a2af0a6f50a66) Importer(815301076,1909f56bfc062723c751e8b465ee728b)
Start importing Assets/Oculus/SampleFramework/Usage/Locomotion/Materials/MAT_floor_tile_01.mat using Guid(5c3d5738fa2d6483bb8a2af0a6f50a66) Importer(815301076,1909f56bfc062723c751e8b465ee728b)  -> (artifact id: 'fda5ab0675edb500daf8811d662abd69') in 0.077258 seconds 
========================================================================
Received Import Request.
  Time since last request: 0.000020 seconds.
  path: Assets/Oculus/SampleFramework/Usage/Locomotion/Materials/MAT_grid_01_light.mat
  artifactKey: Guid(1c0889e6c85aa489ca9303bf392110ed) Importer(815301076,1909f56bfc062723c751e8b465ee728b)
Start importing Assets/Oculus/SampleFramework/Usage/Locomotion/Materials/MAT_grid_01_light.mat using Guid(1c0889e6c85aa489ca9303bf392110ed) Importer(815301076,1909f56bfc062723c751e8b465ee728b)  -> (artifact id: '3896c88f3ed616f1563438a5b83a3a9e') in 0.037459 seconds 
========================================================================
Received Import Request.
  Time since last request: 0.000038 seconds.
  path: Assets/Oculus/SampleFramework/Usage/Locomotion/Materials/MAT_concrete_01.mat
  artifactKey: Guid(b825d518262c2453b9c06573f9b21658) Importer(815301076,1909f56bfc062723c751e8b465ee728b)
Start importing Assets/Oculus/SampleFramework/Usage/Locomotion/Materials/MAT_concrete_01.mat using Guid(b825d518262c2453b9c06573f9b21658) Importer(815301076,1909f56bfc062723c751e8b465ee728b)  -> (artifact id: '93dd471dfa8bf06f81fbd7e8f1abc22c') in 0.057685 seconds 
========================================================================
Received Import Request.
  Time since last request: 0.000023 seconds.
  path: Assets/Oculus/SampleFramework/Usage/Locomotion/Materials/MAT_floor_wood_02.mat
  artifactKey: Guid(c5de2de29649946caa67f57a9825cfd6) Importer(815301076,1909f56bfc062723c751e8b465ee728b)
Start importing Assets/Oculus/SampleFramework/Usage/Locomotion/Materials/MAT_floor_wood_02.mat using Guid(c5de2de29649946caa67f57a9825cfd6) Importer(815301076,1909f56bfc062723c751e8b465ee728b)  -> (artifact id: '5d466ef48b4e5cfb004406dc2512bd06') in 0.047575 seconds 
========================================================================
Received Import Request.
  Time since last request: 9.427029 seconds.
  path: Assets/VLights/Materials
  artifactKey: Guid(e3247d39b7252244995e7dbb1b2eee57) Importer(815301076,1909f56bfc062723c751e8b465ee728b)
Start importing Assets/VLights/Materials using Guid(e3247d39b7252244995e7dbb1b2eee57) Importer(815301076,1909f56bfc062723c751e8b465ee728b)  -> (artifact id: '0e5057bfa2e4195614bbec398ec04ba3') in 0.013341 seconds 
========================================================================
Received Import Request.
  Time since last request: 0.026764 seconds.
  path: Assets/VLights/Materials/VLights Default Area.mat
  artifactKey: Guid(3d9186b180a5843f8810c59a305735cf) Importer(815301076,1909f56bfc062723c751e8b465ee728b)
Start importing Assets/VLights/Materials/VLights Default Area.mat using Guid(3d9186b180a5843f8810c59a305735cf) Importer(815301076,1909f56bfc062723c751e8b465ee728b)  -> (artifact id: '26b294318cc6c2c534aaa15e9febff9b') in 0.023430 seconds 
========================================================================
Received Import Request.
  Time since last request: 2.942017 seconds.
  path: Assets/Oculus/SampleFramework/Usage/HandsTrainExample/Materials
  artifactKey: Guid(390ee3c96d234f944aefe7f51fdba0bc) Importer(815301076,1909f56bfc062723c751e8b465ee728b)
Start importing Assets/Oculus/SampleFramework/Usage/HandsTrainExample/Materials using Guid(390ee3c96d234f944aefe7f51fdba0bc) Importer(815301076,1909f56bfc062723c751e8b465ee728b)  -> (artifact id: '10c6651510aab8fdb07d85fbff73857f') in 0.004689 seconds 
========================================================================
Received Import Request.
  Time since last request: 0.033978 seconds.
  path: Assets/Oculus/SampleFramework/Usage/HandsTrainExample/Materials/BackgroundMaterial.mat
  artifactKey: Guid(e95c781da52e2d14fb2fba44d7476164) Importer(815301076,1909f56bfc062723c751e8b465ee728b)
Start importing Assets/Oculus/SampleFramework/Usage/HandsTrainExample/Materials/BackgroundMaterial.mat using Guid(e95c781da52e2d14fb2fba44d7476164) Importer(815301076,1909f56bfc062723c751e8b465ee728b)  -> (artifact id: '2e043bb3810babfc157cd3df72f9e312') in 0.080456 seconds 
========================================================================
Received Import Request.
  Time since last request: 0.000017 seconds.
  path: Assets/Oculus/SampleFramework/Usage/HandsTrainExample/Materials/SkyboxForLightbaking.mat
  artifactKey: Guid(b95594ffeaf238c46a8d575dcd72705a) Importer(815301076,1909f56bfc062723c751e8b465ee728b)
Start importing Assets/Oculus/SampleFramework/Usage/HandsTrainExample/Materials/SkyboxForLightbaking.mat using Guid(b95594ffeaf238c46a8d575dcd72705a) Importer(815301076,1909f56bfc062723c751e8b465ee728b)  -> (artifact id: '98f1b7c7a340db736b408a809eaf8445') in 0.020429 seconds 
========================================================================
Received Import Request.
  Time since last request: 0.000025 seconds.
  path: Assets/Oculus/SampleFramework/Usage/HandsTrainExample/Materials/PropMaterial.mat
  artifactKey: Guid(38890965fd4d8414facf4aebde878c8b) Importer(815301076,1909f56bfc062723c751e8b465ee728b)
Start importing Assets/Oculus/SampleFramework/Usage/HandsTrainExample/Materials/PropMaterial.mat using Guid(38890965fd4d8414facf4aebde878c8b) Importer(815301076,1909f56bfc062723c751e8b465ee728b)  -> (artifact id: '4f79d608377ac2950ed5de8433c1bda0') in 0.051371 seconds 
========================================================================
Received Import Request.
  Time since last request: 0.000024 seconds.
  path: Assets/Oculus/SampleFramework/Usage/HandsTrainExample/Materials/ControllerBoxGlow.mat
  artifactKey: Guid(a439cfb9369c1404d9db2e5580667b14) Importer(815301076,1909f56bfc062723c751e8b465ee728b)
Start importing Assets/Oculus/SampleFramework/Usage/HandsTrainExample/Materials/ControllerBoxGlow.mat using Guid(a439cfb9369c1404d9db2e5580667b14) Importer(815301076,1909f56bfc062723c751e8b465ee728b)  -> (artifact id: 'b6913edd83c2e33c451e69452a87323b') in 0.029139 seconds 
========================================================================
Received Import Request.
  Time since last request: 0.000023 seconds.
  path: Assets/Oculus/SampleFramework/Usage/HandsTrainExample/Materials/SmokeBillowMat.mat
  artifactKey: Guid(92273b6e1c2f94d4e890fe1d8be56869) Importer(815301076,1909f56bfc062723c751e8b465ee728b)
Start importing Assets/Oculus/SampleFramework/Usage/HandsTrainExample/Materials/SmokeBillowMat.mat using Guid(92273b6e1c2f94d4e890fe1d8be56869) Importer(815301076,1909f56bfc062723c751e8b465ee728b)  -> (artifact id: '69e791b819aea80159f6576e1aa43c08') in 0.025641 seconds 
========================================================================
Received Import Request.
  Time since last request: 5.173167 seconds.
  path: Assets/Oculus/SampleFramework/Usage/Passthrough/Materials
  artifactKey: Guid(6d48ede85399841cfbe74ac96b1c5e27) Importer(815301076,1909f56bfc062723c751e8b465ee728b)
Start importing Assets/Oculus/SampleFramework/Usage/Passthrough/Materials using Guid(6d48ede85399841cfbe74ac96b1c5e27) Importer(815301076,1909f56bfc062723c751e8b465ee728b)  -> (artifact id: 'c0dd3e25e265e65c10fe7e0f662d247b') in 0.004040 seconds 
========================================================================
Received Import Request.
  Time since last request: 0.028015 seconds.
  path: Assets/Oculus/SampleFramework/Usage/Passthrough/Materials/BackgroundSphere.mat
  artifactKey: Guid(039afe42ccf07934083540cfde4596f1) Importer(815301076,1909f56bfc062723c751e8b465ee728b)
Start importing Assets/Oculus/SampleFramework/Usage/Passthrough/Materials/BackgroundSphere.mat using Guid(039afe42ccf07934083540cfde4596f1) Importer(815301076,1909f56bfc062723c751e8b465ee728b)  -> (artifact id: 'ad71a1c255826abffe9672aa363b05e9') in 0.027595 seconds 
========================================================================
Received Import Request.
  Time since last request: 0.000019 seconds.
  path: Assets/Oculus/SampleFramework/Usage/Passthrough/Materials/QuadOutline.mat
  artifactKey: Guid(8b121481a37d7bd40a103176d65df1ee) Importer(815301076,1909f56bfc062723c751e8b465ee728b)
Start importing Assets/Oculus/SampleFramework/Usage/Passthrough/Materials/QuadOutline.mat using Guid(8b121481a37d7bd40a103176d65df1ee) Importer(815301076,1909f56bfc062723c751e8b465ee728b)  -> (artifact id: '811f0f2c003c592e06c3b364ee0a1bb9') in 0.024238 seconds 
========================================================================
Received Import Request.
  Time since last request: 0.000022 seconds.
  path: Assets/Oculus/SampleFramework/Usage/Passthrough/Materials/HandMeshMask.mat
  artifactKey: Guid(86bd0db9d12fe4cafb0f57c9596dc64d) Importer(815301076,1909f56bfc062723c751e8b465ee728b)
Start importing Assets/Oculus/SampleFramework/Usage/Passthrough/Materials/HandMeshMask.mat using Guid(86bd0db9d12fe4cafb0f57c9596dc64d) Importer(815301076,1909f56bfc062723c751e8b465ee728b)  -> (artifact id: '2b4f55851efac9903242e78c57db57e8') in 0.037933 seconds 
========================================================================
Received Import Request.
  Time since last request: 0.000024 seconds.
  path: Assets/Oculus/SampleFramework/Usage/Passthrough/Materials/SelectiveMask.tga
  artifactKey: Guid(eae0c2336ae2460479ab7fab94fdbba7) Importer(815301076,1909f56bfc062723c751e8b465ee728b)
Start importing Assets/Oculus/SampleFramework/Usage/Passthrough/Materials/SelectiveMask.tga using Guid(eae0c2336ae2460479ab7fab94fdbba7) Importer(815301076,1909f56bfc062723c751e8b465ee728b)  -> (artifact id: '7f326152be110ca8cdf4bd2619f808f0') in 0.033576 seconds 
========================================================================
Received Import Request.
  Time since last request: 0.000024 seconds.
  path: Assets/Oculus/SampleFramework/Usage/Passthrough/Materials/PassthroughBrushStroke.mat
  artifactKey: Guid(0ff7438fe513d7e4295f6ec9b5b623d7) Importer(815301076,1909f56bfc062723c751e8b465ee728b)
Start importing Assets/Oculus/SampleFramework/Usage/Passthrough/Materials/PassthroughBrushStroke.mat using Guid(0ff7438fe513d7e4295f6ec9b5b623d7) Importer(815301076,1909f56bfc062723c751e8b465ee728b)  -> (artifact id: '02edb586f839552c35d0c7a4934e2829') in 0.016166 seconds 
========================================================================
Received Import Request.
  Time since last request: 0.000026 seconds.
  path: Assets/Oculus/SampleFramework/Usage/Passthrough/Materials/OculusGlow.mat
  artifactKey: Guid(045a1929a97ff9b47aa45e3bb5d92f7d) Importer(815301076,1909f56bfc062723c751e8b465ee728b)
Start importing Assets/Oculus/SampleFramework/Usage/Passthrough/Materials/OculusGlow.mat using Guid(045a1929a97ff9b47aa45e3bb5d92f7d) Importer(815301076,1909f56bfc062723c751e8b465ee728b)  -> (artifact id: 'b8d43e3a115c608876f272c7ffec93b0') in 0.030679 seconds 
========================================================================
Received Import Request.
  Time since last request: 0.000024 seconds.
  path: Assets/Oculus/SampleFramework/Usage/Passthrough/Materials/SignGlow.mat
  artifactKey: Guid(4987a147e31e8044ea7e0762e6f1780a) Importer(815301076,1909f56bfc062723c751e8b465ee728b)
Start importing Assets/Oculus/SampleFramework/Usage/Passthrough/Materials/SignGlow.mat using Guid(4987a147e31e8044ea7e0762e6f1780a) Importer(815301076,1909f56bfc062723c751e8b465ee728b)  -> (artifact id: 'a00b15b2be89468ffdb20e0231a98b23') in 0.021871 seconds 
========================================================================
Received Import Request.
  Time since last request: 0.000031 seconds.
  path: Assets/Oculus/SampleFramework/Usage/Passthrough/Materials/SelectivePassthroughSoft.mat
  artifactKey: Guid(ddbf76a20fa22a14a83e42283bde1eb8) Importer(815301076,1909f56bfc062723c751e8b465ee728b)
Start importing Assets/Oculus/SampleFramework/Usage/Passthrough/Materials/SelectivePassthroughSoft.mat using Guid(ddbf76a20fa22a14a83e42283bde1eb8) Importer(815301076,1909f56bfc062723c751e8b465ee728b)  -> (artifact id: '78a7f6398aa6820a6b229f79f0cbe3c8') in 0.018077 seconds 
========================================================================
Received Import Request.
  Time since last request: 0.000025 seconds.
  path: Assets/Oculus/SampleFramework/Usage/Passthrough/Materials/DropShadow.tga
  artifactKey: Guid(258e18cf9c21e8e46a8676e92debc25c) Importer(815301076,1909f56bfc062723c751e8b465ee728b)
Start importing Assets/Oculus/SampleFramework/Usage/Passthrough/Materials/DropShadow.tga using Guid(258e18cf9c21e8e46a8676e92debc25c) Importer(815301076,1909f56bfc062723c751e8b465ee728b)  -> (artifact id: 'a70f9d4a7fc2358c9749569a5fc0595b') in 0.019011 seconds 
========================================================================
Received Import Request.
  Time since last request: 0.000024 seconds.
  path: Assets/Oculus/SampleFramework/Usage/Passthrough/Materials/LogoWhite.mat
  artifactKey: Guid(2e648ffe2658c134cb6a4cb464c0e01e) Importer(815301076,1909f56bfc062723c751e8b465ee728b)
Start importing Assets/Oculus/SampleFramework/Usage/Passthrough/Materials/LogoWhite.mat using Guid(2e648ffe2658c134cb6a4cb464c0e01e) Importer(815301076,1909f56bfc062723c751e8b465ee728b)  -> (artifact id: '356b0d98c3ca3168ff2663f81c6d52d9') in 0.012084 seconds 
========================================================================
Received Import Request.
  Time since last request: 2.938036 seconds.
  path: Assets/Oculus/VR/Meshes/OculusTouchForRift/Materials
  artifactKey: Guid(9e0f89e382c8ee54d8bf35a63977eefe) Importer(815301076,1909f56bfc062723c751e8b465ee728b)
Start importing Assets/Oculus/VR/Meshes/OculusTouchForRift/Materials using Guid(9e0f89e382c8ee54d8bf35a63977eefe) Importer(815301076,1909f56bfc062723c751e8b465ee728b)  -> (artifact id: '0500e4291d168db3d78842630cdb510c') in 0.004029 seconds 
========================================================================
Received Import Request.
  Time since last request: 0.031726 seconds.
  path: Assets/Oculus/VR/Meshes/OculusTouchForRift/Materials/OculusTouchForRift_Material.mat
  artifactKey: Guid(eacafe280fdfa6a44845c135057ae6a5) Importer(815301076,1909f56bfc062723c751e8b465ee728b)
Start importing Assets/Oculus/VR/Meshes/OculusTouchForRift/Materials/OculusTouchForRift_Material.mat using Guid(eacafe280fdfa6a44845c135057ae6a5) Importer(815301076,1909f56bfc062723c751e8b465ee728b)  -> (artifact id: 'c1d37bbe732f5afeabeb31f5510ca657') in 0.036214 seconds 
========================================================================
Received Import Request.
  Time since last request: 9.211589 seconds.
  path: Assets/prefabs/Tires/Materials
  artifactKey: Guid(bd9af5587db5f0b43ba973bd0a33d081) Importer(815301076,1909f56bfc062723c751e8b465ee728b)
Start importing Assets/prefabs/Tires/Materials using Guid(bd9af5587db5f0b43ba973bd0a33d081) Importer(815301076,1909f56bfc062723c751e8b465ee728b)  -> (artifact id: '0bd3b0b481452f762c79ac33dc3ad343') in 0.005479 seconds 
========================================================================
Received Import Request.
  Time since last request: 0.028064 seconds.
  path: Assets/prefabs/Tires/Materials/SmallTire.mat
  artifactKey: Guid(b6cbfa4161beb2a46a996a3221605c89) Importer(815301076,1909f56bfc062723c751e8b465ee728b)
Start importing Assets/prefabs/Tires/Materials/SmallTire.mat using Guid(b6cbfa4161beb2a46a996a3221605c89) Importer(815301076,1909f56bfc062723c751e8b465ee728b)  -> (artifact id: 'c88d1b314598fae2bff80d47a53bba43') in 0.053984 seconds 
========================================================================
Received Import Request.
  Time since last request: 2.970596 seconds.
  path: Assets/Oculus/SampleFramework/Usage/SpatialAnchor/Materials
  artifactKey: Guid(188aa8d1a0e72644faeab939bb702929) Importer(815301076,1909f56bfc062723c751e8b465ee728b)
Start importing Assets/Oculus/SampleFramework/Usage/SpatialAnchor/Materials using Guid(188aa8d1a0e72644faeab939bb702929) Importer(815301076,1909f56bfc062723c751e8b465ee728b)  -> (artifact id: 'e69e858658e02dc224488c8e8b57d3df') in 0.005019 seconds 
========================================================================
Received Import Request.
  Time since last request: 0.038346 seconds.
  path: Assets/Oculus/SampleFramework/Usage/SpatialAnchor/Materials/Blue.mat
  artifactKey: Guid(1b68ffca77c4c6344af03830dbeca2ca) Importer(815301076,1909f56bfc062723c751e8b465ee728b)
Start importing Assets/Oculus/SampleFramework/Usage/SpatialAnchor/Materials/Blue.mat using Guid(1b68ffca77c4c6344af03830dbeca2ca) Importer(815301076,1909f56bfc062723c751e8b465ee728b)  -> (artifact id: '455248cb2abb6655d0910c1f6ea0c69e') in 0.029053 seconds 
========================================================================
Received Import Request.
  Time since last request: 0.000019 seconds.
  path: Assets/Oculus/SampleFramework/Usage/SpatialAnchor/Materials/IconBackground.mat
  artifactKey: Guid(5ec6b1df0a0620b44b46efcf07957ab3) Importer(815301076,1909f56bfc062723c751e8b465ee728b)
Start importing Assets/Oculus/SampleFramework/Usage/SpatialAnchor/Materials/IconBackground.mat using Guid(5ec6b1df0a0620b44b46efcf07957ab3) Importer(815301076,1909f56bfc062723c751e8b465ee728b)  -> (artifact id: '835e033989684ff3388125e1fd68c88b') in 0.025163 seconds 
========================================================================
Received Import Request.
  Time since last request: 0.000024 seconds.
  path: Assets/Oculus/SampleFramework/Usage/SpatialAnchor/Materials/LineMat.mat
  artifactKey: Guid(0cbffc4fb1a293742bc1585db8956773) Importer(815301076,1909f56bfc062723c751e8b465ee728b)
Start importing Assets/Oculus/SampleFramework/Usage/SpatialAnchor/Materials/LineMat.mat using Guid(0cbffc4fb1a293742bc1585db8956773) Importer(815301076,1909f56bfc062723c751e8b465ee728b)  -> (artifact id: 'd23ce8636f863a5412733b4939dd05d4') in 0.024817 seconds 
========================================================================
Received Import Request.
  Time since last request: 3.151370 seconds.
  path: Assets/Oculus/VR/Materials/BasicHandMaterial.mat
  artifactKey: Guid(5ba7d209f622bb44e87b47ce27ee27b7) Importer(815301076,1909f56bfc062723c751e8b465ee728b)
Start importing Assets/Oculus/VR/Materials/BasicHandMaterial.mat using Guid(5ba7d209f622bb44e87b47ce27ee27b7) Importer(815301076,1909f56bfc062723c751e8b465ee728b)  -> (artifact id: 'fdb40c8c7e079c0d8b08e7b723c775ab') in 0.065436 seconds 
========================================================================
Received Import Request.
  Time since last request: 0.000023 seconds.
  path: Assets/Resources/TextMesh Pro/Examples & Extras/Fonts/Electronic Highway Sign.TTF
  artifactKey: Guid(8a2b9e2a607dd2143b58c44bc32410b4) Importer(815301076,1909f56bfc062723c751e8b465ee728b)
Start importing Assets/Resources/TextMesh Pro/Examples & Extras/Fonts/Electronic Highway Sign.TTF using Guid(8a2b9e2a607dd2143b58c44bc32410b4) Importer(815301076,1909f56bfc062723c751e8b465ee728b)  -> (artifact id: 'f1c1b3e7bc3f2d947b4a65a39bad79bc') in 0.063605 seconds 
========================================================================
Received Import Request.
  Time since last request: 0.135457 seconds.
  path: Assets/Resources/TextMesh Pro/Examples & Extras/Fonts/Anton.ttf
  artifactKey: Guid(997a43b767814dd0a7642ec9b78cba41) Importer(815301076,1909f56bfc062723c751e8b465ee728b)
Start importing Assets/Resources/TextMesh Pro/Examples & Extras/Fonts/Anton.ttf using Guid(997a43b767814dd0a7642ec9b78cba41) Importer(815301076,1909f56bfc062723c751e8b465ee728b)  -> (artifact id: 'ee9c409d8eb7e20e565832e890039893') in 0.033700 seconds 
========================================================================
Received Import Request.
  Time since last request: 0.000019 seconds.
  path: Assets/Oculus/SampleFramework/Core/DebugUI/Fonts/Montserrat/Montserrat-Light.ttf
  artifactKey: Guid(4c90d3c4d98a33647872e06a6f654f9f) Importer(815301076,1909f56bfc062723c751e8b465ee728b)
Start importing Assets/Oculus/SampleFramework/Core/DebugUI/Fonts/Montserrat/Montserrat-Light.ttf using Guid(4c90d3c4d98a33647872e06a6f654f9f) Importer(815301076,1909f56bfc062723c751e8b465ee728b)  -> (artifact id: '64fa7cb90c49f698c0e779e538cd4b8b') in 0.028276 seconds 
========================================================================
Received Import Request.
  Time since last request: 0.000032 seconds.
  path: Assets/Resources/TextMesh Pro/Examples & Extras/Fonts/Roboto-Bold.ttf
  artifactKey: Guid(4beb055f07aaff244873dec698d0363e) Importer(815301076,1909f56bfc062723c751e8b465ee728b)
Start importing Assets/Resources/TextMesh Pro/Examples & Extras/Fonts/Roboto-Bold.ttf using Guid(4beb055f07aaff244873dec698d0363e) Importer(815301076,1909f56bfc062723c751e8b465ee728b)  -> (artifact id: '7db8fcc2a4d8d5dd5fc3913b7fb587ed') in 0.022216 seconds 
========================================================================
Received Import Request.
  Time since last request: 0.000040 seconds.
  path: Assets/Oculus/Interaction/Runtime/Materials/OculusHandPinchMaterial.mat
  artifactKey: Guid(861c253c01be7f7489f64e9ac001a10c) Importer(815301076,1909f56bfc062723c751e8b465ee728b)
Start importing Assets/Oculus/Interaction/Runtime/Materials/OculusHandPinchMaterial.mat using Guid(861c253c01be7f7489f64e9ac001a10c) Importer(815301076,1909f56bfc062723c751e8b465ee728b)  -> (artifact id: '3a896a27751bfdab61d004452079c728') in 0.020116 seconds 
========================================================================
Received Import Request.
  Time since last request: 0.000022 seconds.
  path: Assets/Oculus/SampleFramework/Core/CustomHands/Models/HandMaterial.mat
  artifactKey: Guid(cc8c9e8a516866042b69a6919d0ab885) Importer(815301076,1909f56bfc062723c751e8b465ee728b)
Start importing Assets/Oculus/SampleFramework/Core/CustomHands/Models/HandMaterial.mat using Guid(cc8c9e8a516866042b69a6919d0ab885) Importer(815301076,1909f56bfc062723c751e8b465ee728b)  -> (artifact id: '25b6fe63f395bdb35c54e2c73fbcb472') in 0.021435 seconds 
========================================================================
Received Import Request.
  Time since last request: 0.000022 seconds.
  path: Assets/Oculus/SampleFramework/Core/DebugUI/Fonts/Montserrat/Montserrat-BoldItalic.ttf
  artifactKey: Guid(440e99598766dbd40a4d8bc01445b5ca) Importer(815301076,1909f56bfc062723c751e8b465ee728b)
Start importing Assets/Oculus/SampleFramework/Core/DebugUI/Fonts/Montserrat/Montserrat-BoldItalic.ttf using Guid(440e99598766dbd40a4d8bc01445b5ca) Importer(815301076,1909f56bfc062723c751e8b465ee728b)  -> (artifact id: 'c8ffef45966d393bca99e8d8e6115299') in 0.023697 seconds 
========================================================================
Received Import Request.
  Time since last request: 2.139388 seconds.
  path: Assets/Oculus/VR/Materials/PlainMaterial.mat
  artifactKey: Guid(26cadeeaa29498d4889f43542f3add58) Importer(815301076,1909f56bfc062723c751e8b465ee728b)
Start importing Assets/Oculus/VR/Materials/PlainMaterial.mat using Guid(26cadeeaa29498d4889f43542f3add58) Importer(815301076,1909f56bfc062723c751e8b465ee728b)  -> (artifact id: '38fa347cabb6b02033c190bb143f8ef3') in 0.033444 seconds 
========================================================================
Received Import Request.
  Time since last request: 0.000019 seconds.
  path: Assets/Oculus/Interaction/Samples/Objects/Environment/Screen/Materials/ScreenMaterial.mat
  artifactKey: Guid(e5fb989c2cb62ef468f6537caf5190f2) Importer(815301076,1909f56bfc062723c751e8b465ee728b)
Start importing Assets/Oculus/Interaction/Samples/Objects/Environment/Screen/Materials/ScreenMaterial.mat using Guid(e5fb989c2cb62ef468f6537caf5190f2) Importer(815301076,1909f56bfc062723c751e8b465ee728b)  -> (artifact id: '20d400c21fd52745dbed50027bc636e4') in 0.034813 seconds 
========================================================================
Received Import Request.
  Time since last request: 0.000035 seconds.
  path: Assets/Oculus/Interaction/Samples/Fonts/Roboto-Bold SDF.asset
  artifactKey: Guid(a6446991ef31ced4190c53c206cf4b3e) Importer(815301076,1909f56bfc062723c751e8b465ee728b)
Start importing Assets/Oculus/Interaction/Samples/Fonts/Roboto-Bold SDF.asset using Guid(a6446991ef31ced4190c53c206cf4b3e) Importer(815301076,1909f56bfc062723c751e8b465ee728b)  -> (artifact id: 'af74715bd79572f6502c887a18c7f448') in 0.037692 seconds 
========================================================================
Received Import Request.
  Time since last request: 0.000027 seconds.
  path: Assets/Oculus/SampleFramework/Core/HandsInteraction/Materials/TargetMaterial.mat
  artifactKey: Guid(7c4fbc253f678a74f8135c524ac84bfe) Importer(815301076,1909f56bfc062723c751e8b465ee728b)
Start importing Assets/Oculus/SampleFramework/Core/HandsInteraction/Materials/TargetMaterial.mat using Guid(7c4fbc253f678a74f8135c524ac84bfe) Importer(815301076,1909f56bfc062723c751e8b465ee728b)  -> (artifact id: 'e6b33a26eff94b2f2219e32c2e27d53b') in 0.014045 seconds 
