Using pre-set license
Built from '2021.3/staging' branch; Version is '2021.3.3f1 (af2e63e8f9bd) revision 11480675'; Using compiler version '192829333'; Build Type 'Release'
OS: 'Windows 11  (10.0.22631) 64bit Core' Language: 'ja' Physical Memory: 16163 MB
BatchMode: 1, IsHumanControllingUs: 0, StartBugReporterOnCrash: 0, Is64bit: 1, IsPro: 1

COMMAND LINE ARGUMENTS:
C:\Program Files\Unity\Hub\Editor\2021.3.3f1\Editor\Unity.exe
-adb2
-batchMode
-noUpm
-name
AssetImportWorker4
-projectPath
C:/Users/himak/TPU_GAME/VRTEST2
-logFile
Logs/AssetImportWorker4.log
-srvPort
55322
Successfully changed project path to: C:/Users/himak/TPU_GAME/VRTEST2
C:/Users/himak/TPU_GAME/VRTEST2
[UnityMemory] Configuration Parameters - Can be set up in boot.config
    "memorysetup-bucket-allocator-granularity=16"
    "memorysetup-bucket-allocator-bucket-count=8"
    "memorysetup-bucket-allocator-block-size=33554432"
    "memorysetup-bucket-allocator-block-count=8"
    "memorysetup-main-allocator-block-size=16777216"
    "memorysetup-thread-allocator-block-size=16777216"
    "memorysetup-gfx-main-allocator-block-size=16777216"
    "memorysetup-gfx-thread-allocator-block-size=16777216"
    "memorysetup-cache-allocator-block-size=4194304"
    "memorysetup-typetree-allocator-block-size=2097152"
    "memorysetup-profiler-bucket-allocator-granularity=16"
    "memorysetup-profiler-bucket-allocator-bucket-count=8"
    "memorysetup-profiler-bucket-allocator-block-size=33554432"
    "memorysetup-profiler-bucket-allocator-block-count=8"
    "memorysetup-profiler-allocator-block-size=16777216"
    "memorysetup-profiler-editor-allocator-block-size=1048576"
    "memorysetup-temp-allocator-size-main=16777216"
    "memorysetup-job-temp-allocator-block-size=2097152"
    "memorysetup-job-temp-allocator-block-size-background=1048576"
    "memorysetup-job-temp-allocator-reduction-small-platforms=262144"
    "memorysetup-temp-allocator-size-background-worker=32768"
    "memorysetup-temp-allocator-size-job-worker=262144"
    "memorysetup-temp-allocator-size-preload-manager=33554432"
    "memorysetup-temp-allocator-size-nav-mesh-worker=65536"
    "memorysetup-temp-allocator-size-audio-worker=65536"
    "memorysetup-temp-allocator-size-cloud-worker=32768"
    "memorysetup-temp-allocator-size-gi-baking-worker=262144"
    "memorysetup-temp-allocator-size-gfx=262144"
Refreshing native plugins compatible for Editor in 149.07 ms, found 29 plugins.
Preloading 1 native plugins for Editor in 0.71 ms.
Initialize engine version: 2021.3.3f1 (af2e63e8f9bd)
[Subsystems] Discovering subsystems at path C:/Program Files/Unity/Hub/Editor/2021.3.3f1/Editor/Data/Resources/UnitySubsystems
[Subsystems] Discovering subsystems at path C:/Users/himak/TPU_GAME/VRTEST2/Assets
GfxDevice: creating device client; threaded=0; jobified=0
Direct3D:
    Version:  Direct3D 11.0 [level 11.1]
    Renderer: NVIDIA GeForce RTX 3050 Laptop GPU (ID=0x25a2)
    Vendor:   NVIDIA
    VRAM:     3964 MB
    Driver:   31.0.15.5176
Shader 'Oculus/OVRMRCameraFrameLit': fallback shader 'Alpha-Diffuse' not found
Shader 'PIDI Shaders Collection/Planar Reflections 4/Water Shaders/Mobile Water': fallback shader 'Transparent' not found
Shader 'PIDI Shaders Collection/Planar Reflections 4/Water Shaders/Mobile Water (Depth)': fallback shader 'Transparent' not found
Shader 'PIDI Shaders Collection/Planar Reflections 4/Water Shaders/Advanced (Tessellation)': fallback shader 'Transparent' not found
Initialize mono
Mono path[0] = 'C:/Program Files/Unity/Hub/Editor/2021.3.3f1/Editor/Data/Managed'
Mono path[1] = 'C:/Program Files/Unity/Hub/Editor/2021.3.3f1/Editor/Data/MonoBleedingEdge/lib/mono/unityjit-win32'
Mono config path = 'C:/Program Files/Unity/Hub/Editor/2021.3.3f1/Editor/Data/MonoBleedingEdge/etc'
Using monoOptions --debugger-agent=transport=dt_socket,embedding=1,server=y,suspend=n,address=127.0.0.1:56056
Begin MonoManager ReloadAssembly
Registering precompiled unity dll's ...
Register platform support module: C:/Program Files/Unity/Hub/Editor/2021.3.3f1/Editor/Data/PlaybackEngines/AndroidPlayer/UnityEditor.Android.Extensions.dll
Register platform support module: C:/Program Files/Unity/Hub/Editor/2021.3.3f1/Editor/Data/PlaybackEngines/WindowsStandaloneSupport/UnityEditor.WindowsStandalone.Extensions.dll
Registered in 0.006434 seconds.
Native extension for WindowsStandalone target not found
Native extension for Android target not found
Refreshing native plugins compatible for Editor in 116.98 ms, found 29 plugins.
Preloading 1 native plugins for Editor in 0.11 ms.
Mono: successfully reloaded assembly
- Completed reload, in  0.621 seconds
Domain Reload Profiling:
	ReloadAssembly (621ms)
		BeginReloadAssembly (87ms)
			ExecutionOrderSort (0ms)
			DisableScriptedObjects (0ms)
			BackupInstance (0ms)
			ReleaseScriptingObjects (0ms)
			CreateAndSetChildDomain (1ms)
		EndReloadAssembly (438ms)
			LoadAssemblies (86ms)
			RebuildTransferFunctionScriptingTraits (0ms)
			SetupTypeCache (93ms)
			ReleaseScriptCaches (0ms)
			RebuildScriptCaches (22ms)
			SetupLoadedEditorAssemblies (278ms)
				LogAssemblyErrors (0ms)
				InitializePlatformSupportModulesInManaged (46ms)
				SetLoadedEditorAssemblies (0ms)
				RefreshPlugins (117ms)
				BeforeProcessingInitializeOnLoad (1ms)
				ProcessInitializeOnLoadAttributes (77ms)
				ProcessInitializeOnLoadMethodAttributes (37ms)
				AfterProcessingInitializeOnLoad (0ms)
				EditorAssembliesLoaded (0ms)
			ExecutionOrderSort2 (0ms)
			AwakeInstancesAfterBackupRestoration (0ms)
Platform modules already initialized, skipping
Registering precompiled user dll's ...
Registered in 0.021948 seconds.
Begin MonoManager ReloadAssembly
Symbol file LoadedFromMemory doesn't match image C:\Users\himak\TPU_GAME\VRTEST2\Library\PackageCache\com.unity.visualscripting@1.7.6\Editor\VisualScripting.Core\Dependencies\DotNetZip\Unity.VisualScripting.IonicZip.dll
Symbol file LoadedFromMemory doesn't match image C:\Users\himak\TPU_GAME\VRTEST2\Library\PackageCache\com.unity.visualscripting@1.7.6\Editor\VisualScripting.Core\Dependencies\YamlDotNet\Unity.VisualScripting.YamlDotNet.dll
Native extension for WindowsStandalone target not found
Native extension for Android target not found
Refreshing native plugins compatible for Editor in 1.27 ms, found 29 plugins.
Preloading 1 native plugins for Editor in 0.11 ms.
Package Manager log level set to [2]
[XR] OculusXRPlugin: registering subsystems
[XR] Unable to register display lifecyle provider: [1]
[XR] Oculus Input lifecycle provider registered.
[XR] Unable to register input lifecyle provider: [1]
[XR] OVRP version 1.73.0
Mono: successfully reloaded assembly
- Completed reload, in  1.196 seconds
Domain Reload Profiling:
	ReloadAssembly (1197ms)
		BeginReloadAssembly (216ms)
			ExecutionOrderSort (0ms)
			DisableScriptedObjects (5ms)
			BackupInstance (0ms)
			ReleaseScriptingObjects (0ms)
			CreateAndSetChildDomain (124ms)
		EndReloadAssembly (882ms)
			LoadAssemblies (128ms)
			RebuildTransferFunctionScriptingTraits (0ms)
			SetupTypeCache (245ms)
			ReleaseScriptCaches (1ms)
			RebuildScriptCaches (63ms)
			SetupLoadedEditorAssemblies (429ms)
				LogAssemblyErrors (0ms)
				InitializePlatformSupportModulesInManaged (12ms)
				SetLoadedEditorAssemblies (0ms)
				RefreshPlugins (1ms)
				BeforeProcessingInitializeOnLoad (90ms)
				ProcessInitializeOnLoadAttributes (283ms)
				ProcessInitializeOnLoadMethodAttributes (37ms)
				AfterProcessingInitializeOnLoad (6ms)
				EditorAssembliesLoaded (0ms)
			ExecutionOrderSort2 (0ms)
			AwakeInstancesAfterBackupRestoration (6ms)
Platform modules already initialized, skipping
========================================================================
Worker process is ready to serve import requests
Shader 'PIDI Shaders Collection/Planar Reflections 4/Water Shaders/Mobile Water': fallback shader 'Transparent' not found
Shader 'Oculus/OVRMRCameraFrameLit': fallback shader 'Alpha-Diffuse' not found
Shader 'PIDI Shaders Collection/Planar Reflections 4/Water Shaders/Mobile Water (Depth)': fallback shader 'Transparent' not found
Shader 'PIDI Shaders Collection/Planar Reflections 4/Water Shaders/Advanced (Tessellation)': fallback shader 'Transparent' not found
Launched and connected shader compiler UnityShaderCompiler.exe after 0.05 seconds
Refreshing native plugins compatible for Editor in 1.46 ms, found 29 plugins.
Preloading 1 native plugins for Editor in 0.11 ms.
Unloading 5312 Unused Serialized files (Serialized files now loaded: 0)
Unloading 97 unused Assets / (2.2 MB). Loaded Objects now: 5753.
Memory consumption went from 328.4 MB to 326.2 MB.
Total: 4.332300 ms (FindLiveObjects: 0.615200 ms CreateObjectMapping: 0.444300 ms MarkObjects: 2.646900 ms  DeleteObjects: 0.624600 ms)

AssetImportParameters requested are different than current active one (requested -> active):
  custom:video-decoder-ogg-theora: a1e56fd34408186e4bbccfd4996cb3dc -> 
  custom:container-muxer-webm: aa71ff27fc2769a1b78a27578f13a17b -> 
  custom:container-demuxer-webm: 4f35f7cbe854078d1ac9338744f61a02 -> 
  custom:video-encoder-webm-vp8: eb34c28f22e8b96e1ab97ce403110664 -> 
  custom:video-codec-MediaFoundation-h265: 746d11721c4dcdbdad8f713fa42b33f4 -> 
  custom:audio-encoder-webm-vorbis: bf7c407c2cedff20999df2af8eb42d56 -> 
  custom:framework-win-MediaFoundation: 216162199b28c13a410421893ffa2e32 -> 
  custom:container-demuxer-ogg: 62fdf1f143b41e24485cea50d1cbac27 -> 
  custom:video-decoder-webm-vp8: 9c59270c3fd7afecdb556c50c9e8de78 -> 
  custom:audio-decoder-ogg-vorbis: bf7c407c2cedff20999df2af8eb42d56 -> 
========================================================================
Received Import Request.
  Time since last request: 265098.662327 seconds.
  path: Assets/Bakery
  artifactKey: Guid(20d1309764d77b4458a1b8fd0e7d6a4f) Importer(815301076,1909f56bfc062723c751e8b465ee728b)
Start importing Assets/Bakery using Guid(20d1309764d77b4458a1b8fd0e7d6a4f) Importer(815301076,1909f56bfc062723c751e8b465ee728b)  -> (artifact id: 'a30f612d18e13034b01182ca078e6212') in 0.013990 seconds 
========================================================================
Received Import Request.
  Time since last request: 5.174088 seconds.
  path: Assets/Bakery/docs
  artifactKey: Guid(33d4ec1865e11aa47bebcc8c9cf53d51) Importer(815301076,1909f56bfc062723c751e8b465ee728b)
Start importing Assets/Bakery/docs using Guid(33d4ec1865e11aa47bebcc8c9cf53d51) Importer(815301076,1909f56bfc062723c751e8b465ee728b)  -> (artifact id: 'dd7f9cb016fd231535fed637c694daf6') in 0.003978 seconds 
========================================================================
Received Import Request.
  Time since last request: 18.642750 seconds.
  path: Assets/Bakery/examples
  artifactKey: Guid(dbe5b9bfefb22c74686088e11690ae06) Importer(815301076,1909f56bfc062723c751e8b465ee728b)
Start importing Assets/Bakery/examples using Guid(dbe5b9bfefb22c74686088e11690ae06) Importer(815301076,1909f56bfc062723c751e8b465ee728b)  -> (artifact id: '8eb70f0e8ff65cb89af81c14d3c1a53f') in 0.003893 seconds 
========================================================================
Received Prepare
Registering precompiled user dll's ...
Registered in 0.022147 seconds.
Begin MonoManager ReloadAssembly
Symbol file LoadedFromMemory doesn't match image C:\Users\himak\TPU_GAME\VRTEST2\Library\PackageCache\com.unity.visualscripting@1.7.6\Editor\VisualScripting.Core\Dependencies\DotNetZip\Unity.VisualScripting.IonicZip.dll
Symbol file LoadedFromMemory doesn't match image C:\Users\himak\TPU_GAME\VRTEST2\Library\PackageCache\com.unity.visualscripting@1.7.6\Editor\VisualScripting.Core\Dependencies\YamlDotNet\Unity.VisualScripting.YamlDotNet.dll
Native extension for WindowsStandalone target not found
Native extension for Android target not found
Refreshing native plugins compatible for Editor in 1.35 ms, found 29 plugins.
Preloading 1 native plugins for Editor in 0.11 ms.
Mono: successfully reloaded assembly
- Completed reload, in  1.293 seconds
Domain Reload Profiling:
	ReloadAssembly (1294ms)
		BeginReloadAssembly (135ms)
			ExecutionOrderSort (0ms)
			DisableScriptedObjects (3ms)
			BackupInstance (0ms)
			ReleaseScriptingObjects (0ms)
			CreateAndSetChildDomain (36ms)
		EndReloadAssembly (1064ms)
			LoadAssemblies (176ms)
			RebuildTransferFunctionScriptingTraits (0ms)
			SetupTypeCache (437ms)
			ReleaseScriptCaches (2ms)
			RebuildScriptCaches (58ms)
			SetupLoadedEditorAssemblies (350ms)
				LogAssemblyErrors (0ms)
				InitializePlatformSupportModulesInManaged (23ms)
				SetLoadedEditorAssemblies (0ms)
				RefreshPlugins (2ms)
				BeforeProcessingInitializeOnLoad (66ms)
				ProcessInitializeOnLoadAttributes (223ms)
				ProcessInitializeOnLoadMethodAttributes (28ms)
				AfterProcessingInitializeOnLoad (6ms)
				EditorAssembliesLoaded (3ms)
			ExecutionOrderSort2 (0ms)
			AwakeInstancesAfterBackupRestoration (6ms)
Platform modules already initialized, skipping
Shader 'PIDI Shaders Collection/Planar Reflections 4/Water Shaders/Mobile Water': fallback shader 'Transparent' not found
Shader 'Oculus/OVRMRCameraFrameLit': fallback shader 'Alpha-Diffuse' not found
Shader 'PIDI Shaders Collection/Planar Reflections 4/Water Shaders/Mobile Water (Depth)': fallback shader 'Transparent' not found
Shader 'PIDI Shaders Collection/Planar Reflections 4/Water Shaders/Advanced (Tessellation)': fallback shader 'Transparent' not found
Refreshing native plugins compatible for Editor in 19.35 ms, found 29 plugins.
Preloading 1 native plugins for Editor in 0.12 ms.
Unloading 5058 Unused Serialized files (Serialized files now loaded: 0)
Unloading 91 unused Assets / (2.1 MB). Loaded Objects now: 5754.
Memory consumption went from 304.4 MB to 302.3 MB.
Total: 6.153800 ms (FindLiveObjects: 0.616800 ms CreateObjectMapping: 0.613600 ms MarkObjects: 4.139100 ms  DeleteObjects: 0.783200 ms)

AssetImportParameters requested are different than current active one (requested -> active):
  custom:video-decoder-ogg-theora: a1e56fd34408186e4bbccfd4996cb3dc -> 
  custom:container-muxer-webm: aa71ff27fc2769a1b78a27578f13a17b -> 
  custom:container-demuxer-webm: 4f35f7cbe854078d1ac9338744f61a02 -> 
  custom:video-encoder-webm-vp8: eb34c28f22e8b96e1ab97ce403110664 -> 
  custom:video-codec-MediaFoundation-h265: 746d11721c4dcdbdad8f713fa42b33f4 -> 
  custom:audio-encoder-webm-vorbis: bf7c407c2cedff20999df2af8eb42d56 -> 
  custom:framework-win-MediaFoundation: 216162199b28c13a410421893ffa2e32 -> 
  custom:container-demuxer-ogg: 62fdf1f143b41e24485cea50d1cbac27 -> 
  custom:video-decoder-webm-vp8: 9c59270c3fd7afecdb556c50c9e8de78 -> 
  custom:audio-decoder-ogg-vorbis: bf7c407c2cedff20999df2af8eb42d56 -> 
========================================================================
Received Import Request.
  Time since last request: 163.751730 seconds.
  path: Assets/Bakery/shader/Bakery.cginc
  artifactKey: Guid(1f45fcc349188584095300fd024e8f8b) Importer(815301076,1909f56bfc062723c751e8b465ee728b)
Start importing Assets/Bakery/shader/Bakery.cginc using Guid(1f45fcc349188584095300fd024e8f8b) Importer(815301076,1909f56bfc062723c751e8b465ee728b)  -> (artifact id: '9b67279e1c09877b12098cddbb328d6c') in 0.076623 seconds 
========================================================================
Received Import Request.
  Time since last request: 103.037861 seconds.
  path: Assets/NCMB/PlayModeTest/Editor
  artifactKey: Guid(370275779608ed8409d75b8111107c83) Importer(815301076,1909f56bfc062723c751e8b465ee728b)
Start importing Assets/NCMB/PlayModeTest/Editor using Guid(370275779608ed8409d75b8111107c83) Importer(815301076,1909f56bfc062723c751e8b465ee728b)  -> (artifact id: 'c46d104a1ab1260e19ac72037571777f') in 0.005164 seconds 
========================================================================
Received Import Request.
  Time since last request: 1.419311 seconds.
  path: Assets/NCMB/PlayModeTest/Editor/NCMBMenu.cs
  artifactKey: Guid(a646deeac1fcf4050905e99b7144e04f) Importer(815301076,1909f56bfc062723c751e8b465ee728b)
Start importing Assets/NCMB/PlayModeTest/Editor/NCMBMenu.cs using Guid(a646deeac1fcf4050905e99b7144e04f) Importer(815301076,1909f56bfc062723c751e8b465ee728b)  -> (artifact id: '9b8058eb60d04aa42f6a1a358b273265') in 0.016286 seconds 
========================================================================
Received Import Request.
  Time since last request: 0.355586 seconds.
  path: Assets/NCMB/PlayModeTest/Editor/PreBuildAndroid.cs
  artifactKey: Guid(a12c41460d3954b9296dcc3c18cb6ef2) Importer(815301076,1909f56bfc062723c751e8b465ee728b)
Start importing Assets/NCMB/PlayModeTest/Editor/PreBuildAndroid.cs using Guid(a12c41460d3954b9296dcc3c18cb6ef2) Importer(815301076,1909f56bfc062723c751e8b465ee728b)  -> (artifact id: '3df28f725e0cf4fbaa14785f182dcc6d') in 0.005666 seconds 
========================================================================
Received Import Request.
  Time since last request: 0.313260 seconds.
  path: Assets/NCMB/PlayModeTest/Editor/SimpleJSON.cs
  artifactKey: Guid(0df911b8d455f464e81c8fc40ba9c992) Importer(815301076,1909f56bfc062723c751e8b465ee728b)
Start importing Assets/NCMB/PlayModeTest/Editor/SimpleJSON.cs using Guid(0df911b8d455f464e81c8fc40ba9c992) Importer(815301076,1909f56bfc062723c751e8b465ee728b)  -> (artifact id: 'df37e7efd4d0f0800d9bf320f454c120') in 0.005129 seconds 
========================================================================
Received Import Request.
  Time since last request: 0.310220 seconds.
  path: Assets/NCMB/PlayModeTest/Editor/SimpleJSONUnity.cs
  artifactKey: Guid(6e58d803115ea4ec5bbee8b1ba15e2b2) Importer(815301076,1909f56bfc062723c751e8b465ee728b)
Start importing Assets/NCMB/PlayModeTest/Editor/SimpleJSONUnity.cs using Guid(6e58d803115ea4ec5bbee8b1ba15e2b2) Importer(815301076,1909f56bfc062723c751e8b465ee728b)  -> (artifact id: 'cbb813aa27b1827d75032dbff4cc5a18') in 0.004670 seconds 
========================================================================
Received Import Request.
  Time since last request: 0.340306 seconds.
  path: Assets/NCMB/PlayModeTest/Editor/UpdateXcodeProject.cs
  artifactKey: Guid(26e1973fcf08d4ae5b30b29513db5fd1) Importer(815301076,1909f56bfc062723c751e8b465ee728b)
Start importing Assets/NCMB/PlayModeTest/Editor/UpdateXcodeProject.cs using Guid(26e1973fcf08d4ae5b30b29513db5fd1) Importer(815301076,1909f56bfc062723c751e8b465ee728b)  -> (artifact id: '17d36ec42142b53106acda402ed30821') in 0.004102 seconds 
========================================================================
Received Import Request.
  Time since last request: 0.706565 seconds.
  path: Assets/NCMB/PlayModeTest/Editor/SimpleJSONBinary.cs
  artifactKey: Guid(18e0d9d858da24aeeb8ff0c10a79d523) Importer(815301076,1909f56bfc062723c751e8b465ee728b)
Start importing Assets/NCMB/PlayModeTest/Editor/SimpleJSONBinary.cs using Guid(18e0d9d858da24aeeb8ff0c10a79d523) Importer(815301076,1909f56bfc062723c751e8b465ee728b)  -> (artifact id: '9a6c9544300cca197bb024a6c381ea85') in 0.004166 seconds 
========================================================================
Received Prepare
Registering precompiled user dll's ...
Registered in 0.021005 seconds.
Begin MonoManager ReloadAssembly
Symbol file LoadedFromMemory doesn't match image C:\Users\himak\TPU_GAME\VRTEST2\Library\PackageCache\com.unity.visualscripting@1.7.6\Editor\VisualScripting.Core\Dependencies\DotNetZip\Unity.VisualScripting.IonicZip.dll
Symbol file LoadedFromMemory doesn't match image C:\Users\himak\TPU_GAME\VRTEST2\Library\PackageCache\com.unity.visualscripting@1.7.6\Editor\VisualScripting.Core\Dependencies\YamlDotNet\Unity.VisualScripting.YamlDotNet.dll
Native extension for WindowsStandalone target not found
Native extension for Android target not found
Refreshing native plugins compatible for Editor in 1.28 ms, found 29 plugins.
Preloading 1 native plugins for Editor in 0.11 ms.
Mono: successfully reloaded assembly
- Completed reload, in  0.977 seconds
Domain Reload Profiling:
	ReloadAssembly (978ms)
		BeginReloadAssembly (142ms)
			ExecutionOrderSort (0ms)
			DisableScriptedObjects (3ms)
			BackupInstance (0ms)
			ReleaseScriptingObjects (0ms)
			CreateAndSetChildDomain (38ms)
		EndReloadAssembly (753ms)
			LoadAssemblies (133ms)
			RebuildTransferFunctionScriptingTraits (0ms)
			SetupTypeCache (229ms)
			ReleaseScriptCaches (2ms)
			RebuildScriptCaches (36ms)
			SetupLoadedEditorAssemblies (342ms)
				LogAssemblyErrors (0ms)
				InitializePlatformSupportModulesInManaged (22ms)
				SetLoadedEditorAssemblies (0ms)
				RefreshPlugins (1ms)
				BeforeProcessingInitializeOnLoad (65ms)
				ProcessInitializeOnLoadAttributes (219ms)
				ProcessInitializeOnLoadMethodAttributes (26ms)
				AfterProcessingInitializeOnLoad (6ms)
				EditorAssembliesLoaded (2ms)
			ExecutionOrderSort2 (0ms)
			AwakeInstancesAfterBackupRestoration (6ms)
Platform modules already initialized, skipping
Shader 'PIDI Shaders Collection/Planar Reflections 4/Water Shaders/Mobile Water': fallback shader 'Transparent' not found
Shader 'Oculus/OVRMRCameraFrameLit': fallback shader 'Alpha-Diffuse' not found
Shader 'PIDI Shaders Collection/Planar Reflections 4/Water Shaders/Mobile Water (Depth)': fallback shader 'Transparent' not found
Shader 'PIDI Shaders Collection/Planar Reflections 4/Water Shaders/Advanced (Tessellation)': fallback shader 'Transparent' not found
Refreshing native plugins compatible for Editor in 16.20 ms, found 29 plugins.
Preloading 1 native plugins for Editor in 0.09 ms.
Unloading 5052 Unused Serialized files (Serialized files now loaded: 0)
Unloading 88 unused Assets / (2.1 MB). Loaded Objects now: 5758.
Memory consumption went from 304.3 MB to 302.2 MB.
Total: 5.153800 ms (FindLiveObjects: 0.422600 ms CreateObjectMapping: 0.225500 ms MarkObjects: 3.940900 ms  DeleteObjects: 0.563400 ms)

AssetImportParameters requested are different than current active one (requested -> active):
  custom:video-decoder-ogg-theora: a1e56fd34408186e4bbccfd4996cb3dc -> 
  custom:container-muxer-webm: aa71ff27fc2769a1b78a27578f13a17b -> 
  custom:container-demuxer-webm: 4f35f7cbe854078d1ac9338744f61a02 -> 
  custom:video-encoder-webm-vp8: eb34c28f22e8b96e1ab97ce403110664 -> 
  custom:video-codec-MediaFoundation-h265: 746d11721c4dcdbdad8f713fa42b33f4 -> 
  custom:audio-encoder-webm-vorbis: bf7c407c2cedff20999df2af8eb42d56 -> 
  custom:framework-win-MediaFoundation: 216162199b28c13a410421893ffa2e32 -> 
  custom:container-demuxer-ogg: 62fdf1f143b41e24485cea50d1cbac27 -> 
  custom:video-decoder-webm-vp8: 9c59270c3fd7afecdb556c50c9e8de78 -> 
  custom:audio-decoder-ogg-vorbis: bf7c407c2cedff20999df2af8eb42d56 -> 
========================================================================
Received Import Request.
  Time since last request: 63.066309 seconds.
  path: Assets/NCMB/Script/Task
  artifactKey: Guid(5f12a1b6932638344881e8d8ce194331) Importer(815301076,1909f56bfc062723c751e8b465ee728b)
Start importing Assets/NCMB/Script/Task using Guid(5f12a1b6932638344881e8d8ce194331) Importer(815301076,1909f56bfc062723c751e8b465ee728b)  -> (artifact id: '8df2b9e3d9b63aedd990991544628818') in 0.012831 seconds 
========================================================================
Received Import Request.
  Time since last request: 44.918009 seconds.
  path: Assets/prefabs/Tires
  artifactKey: Guid(c9782778b9039064e99b3d9602bae491) Importer(815301076,1909f56bfc062723c751e8b465ee728b)
Start importing Assets/prefabs/Tires using Guid(c9782778b9039064e99b3d9602bae491) Importer(815301076,1909f56bfc062723c751e8b465ee728b)  -> (artifact id: 'bba1e8a299129e9e629d2fcc7ab8c080') in 0.005228 seconds 
========================================================================
Received Import Request.
  Time since last request: 15.147667 seconds.
  path: Assets/prefabs/Tire/Demo
  artifactKey: Guid(4a16dafbb0a9eb44aa5a33b3e89fab3c) Importer(815301076,1909f56bfc062723c751e8b465ee728b)
Start importing Assets/prefabs/Tire/Demo using Guid(4a16dafbb0a9eb44aa5a33b3e89fab3c) Importer(815301076,1909f56bfc062723c751e8b465ee728b)  -> (artifact id: 'c7c9b700f26e9c92698635e2ad0a6672') in 0.004549 seconds 
========================================================================
Received Import Request.
  Time since last request: 9.901588 seconds.
  path: Assets/Resources/XR
  artifactKey: Guid(ec984026bfe97e742b081d877e7bc2e0) Importer(815301076,1909f56bfc062723c751e8b465ee728b)
Start importing Assets/Resources/XR using Guid(ec984026bfe97e742b081d877e7bc2e0) Importer(815301076,1909f56bfc062723c751e8b465ee728b)  -> (artifact id: '8f3d380cc485584eeb32452aab7e3171') in 0.005253 seconds 
========================================================================
Received Import Request.
  Time since last request: 0.052873 seconds.
  path: Assets/Resources/XR/XRGeneralSettings.asset
  artifactKey: Guid(2eb382e1af93ce6498d4d26871e5640b) Importer(815301076,1909f56bfc062723c751e8b465ee728b)
Start importing Assets/Resources/XR/XRGeneralSettings.asset using Guid(2eb382e1af93ce6498d4d26871e5640b) Importer(815301076,1909f56bfc062723c751e8b465ee728b)  -> (artifact id: '0bc1527cbb1dcc70655654a75d6a042d') in 0.036642 seconds 
========================================================================
Received Import Request.
  Time since last request: 1.533974 seconds.
  path: Assets/Resources/TextMesh Pro
  artifactKey: Guid(f54d1bd14bd3ca042bd867b519fee8cc) Importer(815301076,1909f56bfc062723c751e8b465ee728b)
Start importing Assets/Resources/TextMesh Pro using Guid(f54d1bd14bd3ca042bd867b519fee8cc) Importer(815301076,1909f56bfc062723c751e8b465ee728b)  -> (artifact id: 'f5648c5ef36b7beab651a001a8d08867') in 0.004530 seconds 
========================================================================
Received Import Request.
  Time since last request: 112.260867 seconds.
  path: Assets/Scripts/Editor/SAMeshColliderBuilder.cs
  artifactKey: Guid(923a2ee84c9e97d429c65882efb4f252) Importer(815301076,1909f56bfc062723c751e8b465ee728b)
Start importing Assets/Scripts/Editor/SAMeshColliderBuilder.cs using Guid(923a2ee84c9e97d429c65882efb4f252) Importer(815301076,1909f56bfc062723c751e8b465ee728b)  -> (artifact id: 'd3e8f699b68dcb9346142af6879d9c1b') in 0.006450 seconds 
========================================================================
Received Import Request.
  Time since last request: 1.888700 seconds.
  path: Assets/Scripts/Editor/SAColliderHullReducer.cs
  artifactKey: Guid(81aa1dbc535d41542ac581a3d5331fcc) Importer(815301076,1909f56bfc062723c751e8b465ee728b)
Start importing Assets/Scripts/Editor/SAColliderHullReducer.cs using Guid(81aa1dbc535d41542ac581a3d5331fcc) Importer(815301076,1909f56bfc062723c751e8b465ee728b)  -> (artifact id: 'a2397071965a08f18a4ee28e72202213') in 0.004289 seconds 
========================================================================
Received Import Request.
  Time since last request: 7.602424 seconds.
  path: Assets/Stage/Stage.fbx
  artifactKey: Guid(f247f2c0ada614940b0a505566b20901) Importer(815301076,1909f56bfc062723c751e8b465ee728b)
Start importing Assets/Stage/Stage.fbx using Guid(f247f2c0ada614940b0a505566b20901) Importer(815301076,1909f56bfc062723c751e8b465ee728b)  -> (artifact id: 'c478551f47769093f50d26c78bc0e21b') in 0.231605 seconds 
========================================================================
Received Import Request.
  Time since last request: 0.000033 seconds.
  path: Assets/Stage/Stage9.fbx
  artifactKey: Guid(df7145590ba370e408418e7d9fe7fbd1) Importer(815301076,1909f56bfc062723c751e8b465ee728b)
Start importing Assets/Stage/Stage9.fbx using Guid(df7145590ba370e408418e7d9fe7fbd1) Importer(815301076,1909f56bfc062723c751e8b465ee728b)  -> (artifact id: '489187a45755ef907b0e2b507b392d45') in 0.029818 seconds 
========================================================================
Received Import Request.
  Time since last request: 0.000030 seconds.
  path: Assets/Stage/Stage7.fbx
  artifactKey: Guid(dec233af14d9df04693124c851045ea0) Importer(815301076,1909f56bfc062723c751e8b465ee728b)
Start importing Assets/Stage/Stage7.fbx using Guid(dec233af14d9df04693124c851045ea0) Importer(815301076,1909f56bfc062723c751e8b465ee728b)  -> (artifact id: '665934b6cf43f4480d8906f26a53706b') in 0.030101 seconds 
========================================================================
Received Import Request.
  Time since last request: 0.000034 seconds.
  path: Assets/Stage/Stage5.fbx
  artifactKey: Guid(4d87f10b8ece9f1408af442533db482e) Importer(815301076,1909f56bfc062723c751e8b465ee728b)
Start importing Assets/Stage/Stage5.fbx using Guid(4d87f10b8ece9f1408af442533db482e) Importer(815301076,1909f56bfc062723c751e8b465ee728b)  -> (artifact id: '0a3f66a263f98d6ac11be3a6154bbe57') in 0.027203 seconds 
========================================================================
Received Import Request.
  Time since last request: 0.000027 seconds.
  path: Assets/Stage/Stage8.fbx
  artifactKey: Guid(08615c95068d3354a92084fcece3900e) Importer(815301076,1909f56bfc062723c751e8b465ee728b)
Start importing Assets/Stage/Stage8.fbx using Guid(08615c95068d3354a92084fcece3900e) Importer(815301076,1909f56bfc062723c751e8b465ee728b)  -> (artifact id: '3797b7e13f0ea5dd5566da9e7f05102b') in 0.028184 seconds 
========================================================================
Received Import Request.
  Time since last request: 0.000021 seconds.
  path: Assets/Stage/Stage12.fbx
  artifactKey: Guid(046bb5ce691221d429595b0d101bd4b2) Importer(815301076,1909f56bfc062723c751e8b465ee728b)
Start importing Assets/Stage/Stage12.fbx using Guid(046bb5ce691221d429595b0d101bd4b2) Importer(815301076,1909f56bfc062723c751e8b465ee728b)  -> (artifact id: 'b0025b28ad1f7ba4c3e7999c2a0cd893') in 0.028029 seconds 
========================================================================
Received Import Request.
  Time since last request: 0.000031 seconds.
  path: Assets/Stage/Stage3.fbx
  artifactKey: Guid(f5caf901d8484334a88cb029d052005b) Importer(815301076,1909f56bfc062723c751e8b465ee728b)
Start importing Assets/Stage/Stage3.fbx using Guid(f5caf901d8484334a88cb029d052005b) Importer(815301076,1909f56bfc062723c751e8b465ee728b)  -> (artifact id: '6a8b0a05f21aa814bf03a873a5be9d8d') in 0.076712 seconds 
========================================================================
Received Import Request.
  Time since last request: 3.506239 seconds.
  path: Assets/Texcures/AboveBuildings.png
  artifactKey: Guid(7bc8fc098195c0745a716cb93b4bd508) Importer(815301076,1909f56bfc062723c751e8b465ee728b)
Start importing Assets/Texcures/AboveBuildings.png using Guid(7bc8fc098195c0745a716cb93b4bd508) Importer(815301076,1909f56bfc062723c751e8b465ee728b)  -> (artifact id: 'a1c4f6d62fdb2114dcf8485b9bca1144') in 0.050490 seconds 
========================================================================
Received Import Request.
  Time since last request: 0.000032 seconds.
  path: Assets/Texcures/Sky.mat
  artifactKey: Guid(d00bf725cb0891e44ae770a709a95e26) Importer(815301076,1909f56bfc062723c751e8b465ee728b)
Start importing Assets/Texcures/Sky.mat using Guid(d00bf725cb0891e44ae770a709a95e26) Importer(815301076,1909f56bfc062723c751e8b465ee728b)  -> (artifact id: 'a6e72e2b8a50fddd2f8c6c0a93a3aac0') in 0.046380 seconds 
========================================================================
Received Import Request.
  Time since last request: 0.000028 seconds.
  path: Assets/Texcures/Stage8.png
  artifactKey: Guid(fbdebcab75be1db4f98f59cdffc5869b) Importer(815301076,1909f56bfc062723c751e8b465ee728b)
Start importing Assets/Texcures/Stage8.png using Guid(fbdebcab75be1db4f98f59cdffc5869b) Importer(815301076,1909f56bfc062723c751e8b465ee728b)  -> (artifact id: '9255d011573cbaa893266cfa677935d2') in 0.016637 seconds 
========================================================================
Received Import Request.
  Time since last request: 0.000060 seconds.
  path: Assets/Texcures/Stage9.png
  artifactKey: Guid(a27662b05d1e61b4e8822d1015f09941) Importer(815301076,1909f56bfc062723c751e8b465ee728b)
Start importing Assets/Texcures/Stage9.png using Guid(a27662b05d1e61b4e8822d1015f09941) Importer(815301076,1909f56bfc062723c751e8b465ee728b)  -> (artifact id: 'e8c0ba4b87ae1dfc78f365beea1f410b') in 0.016917 seconds 
========================================================================
Received Import Request.
  Time since last request: 0.000038 seconds.
  path: Assets/Texcures/Sky.png
  artifactKey: Guid(886764000a5812649b70c94ca63c1a94) Importer(815301076,1909f56bfc062723c751e8b465ee728b)
Start importing Assets/Texcures/Sky.png using Guid(886764000a5812649b70c94ca63c1a94) Importer(815301076,1909f56bfc062723c751e8b465ee728b)  -> (artifact id: '474c97467ece1cf00a387a86f1039a69') in 0.014573 seconds 
========================================================================
Received Import Request.
  Time since last request: 0.000021 seconds.
  path: Assets/Texcures/Timer2 1.png
  artifactKey: Guid(c530d9ef698da1441a485f3b082cfae7) Importer(815301076,1909f56bfc062723c751e8b465ee728b)
Start importing Assets/Texcures/Timer2 1.png using Guid(c530d9ef698da1441a485f3b082cfae7) Importer(815301076,1909f56bfc062723c751e8b465ee728b)  -> (artifact id: '82af501140cdceabc851da8beee377f0') in 0.017052 seconds 
========================================================================
Received Import Request.
  Time since last request: 0.000034 seconds.
  path: Assets/Texcures/Stage7.png
  artifactKey: Guid(4f95f86072e63a644962e6e9e51cbf10) Importer(815301076,1909f56bfc062723c751e8b465ee728b)
Start importing Assets/Texcures/Stage7.png using Guid(4f95f86072e63a644962e6e9e51cbf10) Importer(815301076,1909f56bfc062723c751e8b465ee728b)  -> (artifact id: '4c09d2badf5e2e1303ab6e633aa9906d') in 0.018742 seconds 
========================================================================
Received Import Request.
  Time since last request: 0.000029 seconds.
  path: Assets/Texcures/Stage4.2.png
  artifactKey: Guid(d093c82b1dd7e6d45b4d20d04ece8799) Importer(815301076,1909f56bfc062723c751e8b465ee728b)
Start importing Assets/Texcures/Stage4.2.png using Guid(d093c82b1dd7e6d45b4d20d04ece8799) Importer(815301076,1909f56bfc062723c751e8b465ee728b)  -> (artifact id: 'e9d744246451ad733c991fa9f110bd71') in 0.014788 seconds 
========================================================================
Received Import Request.
  Time since last request: 0.000035 seconds.
  path: Assets/Texcures/Plane 1.png
  artifactKey: Guid(f5c27e462ba04dc40aeebd3fec415db5) Importer(815301076,1909f56bfc062723c751e8b465ee728b)
Start importing Assets/Texcures/Plane 1.png using Guid(f5c27e462ba04dc40aeebd3fec415db5) Importer(815301076,1909f56bfc062723c751e8b465ee728b)  -> (artifact id: 'd9a5a39eed57aca732b886a3c591f354') in 0.024091 seconds 
========================================================================
Received Import Request.
  Time since last request: 0.000037 seconds.
  path: Assets/Texcures/Floor.png
  artifactKey: Guid(74f1e828ab1aaa74a9b3fccc5fc4f884) Importer(815301076,1909f56bfc062723c751e8b465ee728b)
Start importing Assets/Texcures/Floor.png using Guid(74f1e828ab1aaa74a9b3fccc5fc4f884) Importer(815301076,1909f56bfc062723c751e8b465ee728b)  -> (artifact id: '890e6a98b8e3c2e1d91be77f2d387172') in 0.018810 seconds 
========================================================================
Received Import Request.
  Time since last request: 1.681021 seconds.
  path: Assets/Timer/Timer.fbx
  artifactKey: Guid(aefb7408a32ca1d42bce23f8a8eea483) Importer(815301076,1909f56bfc062723c751e8b465ee728b)
Start importing Assets/Timer/Timer.fbx using Guid(aefb7408a32ca1d42bce23f8a8eea483) Importer(815301076,1909f56bfc062723c751e8b465ee728b)  -> (artifact id: 'a799aecd04fc87ee39d0e59a04e819b7') in 0.025957 seconds 
