Using pre-set license
Built from '2021.3/staging' branch; Version is '2021.3.3f1 (af2e63e8f9bd) revision 11480675'; Using compiler version '192829333'; Build Type 'Release'
OS: 'Windows 11  (10.0.22631) 64bit Core' Language: 'ja' Physical Memory: 16163 MB
BatchMode: 1, IsHumanControllingUs: 0, StartBugReporterOnCrash: 0, Is64bit: 1, IsPro: 1

COMMAND LINE ARGUMENTS:
C:\Program Files\Unity\Hub\Editor\2021.3.3f1\Editor\Unity.exe
-adb2
-batchMode
-noUpm
-name
AssetImportWorker1
-projectPath
C:/Users/himak/TPU_GAME/VRTEST2
-logFile
Logs/AssetImportWorker1.log
-srvPort
53851
Successfully changed project path to: C:/Users/himak/TPU_GAME/VRTEST2
C:/Users/himak/TPU_GAME/VRTEST2
[UnityMemory] Configuration Parameters - Can be set up in boot.config
    "memorysetup-bucket-allocator-granularity=16"
    "memorysetup-bucket-allocator-bucket-count=8"
    "memorysetup-bucket-allocator-block-size=33554432"
    "memorysetup-bucket-allocator-block-count=8"
    "memorysetup-main-allocator-block-size=16777216"
    "memorysetup-thread-allocator-block-size=16777216"
    "memorysetup-gfx-main-allocator-block-size=16777216"
    "memorysetup-gfx-thread-allocator-block-size=16777216"
    "memorysetup-cache-allocator-block-size=4194304"
    "memorysetup-typetree-allocator-block-size=2097152"
    "memorysetup-profiler-bucket-allocator-granularity=16"
    "memorysetup-profiler-bucket-allocator-bucket-count=8"
    "memorysetup-profiler-bucket-allocator-block-size=33554432"
    "memorysetup-profiler-bucket-allocator-block-count=8"
    "memorysetup-profiler-allocator-block-size=16777216"
    "memorysetup-profiler-editor-allocator-block-size=1048576"
    "memorysetup-temp-allocator-size-main=16777216"
    "memorysetup-job-temp-allocator-block-size=2097152"
    "memorysetup-job-temp-allocator-block-size-background=1048576"
    "memorysetup-job-temp-allocator-reduction-small-platforms=262144"
    "memorysetup-temp-allocator-size-background-worker=32768"
    "memorysetup-temp-allocator-size-job-worker=262144"
    "memorysetup-temp-allocator-size-preload-manager=33554432"
    "memorysetup-temp-allocator-size-nav-mesh-worker=65536"
    "memorysetup-temp-allocator-size-audio-worker=65536"
    "memorysetup-temp-allocator-size-cloud-worker=32768"
    "memorysetup-temp-allocator-size-gi-baking-worker=262144"
    "memorysetup-temp-allocator-size-gfx=262144"
Refreshing native plugins compatible for Editor in 143.52 ms, found 29 plugins.
Preloading 1 native plugins for Editor in 0.78 ms.
Initialize engine version: 2021.3.3f1 (af2e63e8f9bd)
[Subsystems] Discovering subsystems at path C:/Program Files/Unity/Hub/Editor/2021.3.3f1/Editor/Data/Resources/UnitySubsystems
[Subsystems] Discovering subsystems at path C:/Users/himak/TPU_GAME/VRTEST2/Assets
GfxDevice: creating device client; threaded=0; jobified=0
Direct3D:
    Version:  Direct3D 11.0 [level 11.1]
    Renderer: NVIDIA GeForce RTX 3050 Laptop GPU (ID=0x25a2)
    Vendor:   NVIDIA
    VRAM:     3964 MB
    Driver:   32.0.15.5599
Shader 'Oculus/OVRMRCameraFrameLit': fallback shader 'Alpha-Diffuse' not found
Shader 'PIDI Shaders Collection/Planar Reflections 4/Water Shaders/Mobile Water': fallback shader 'Transparent' not found
Shader 'PIDI Shaders Collection/Planar Reflections 4/Water Shaders/Mobile Water (Depth)': fallback shader 'Transparent' not found
Shader 'PIDI Shaders Collection/Planar Reflections 4/Water Shaders/Advanced (Tessellation)': fallback shader 'Transparent' not found
Initialize mono
Mono path[0] = 'C:/Program Files/Unity/Hub/Editor/2021.3.3f1/Editor/Data/Managed'
Mono path[1] = 'C:/Program Files/Unity/Hub/Editor/2021.3.3f1/Editor/Data/MonoBleedingEdge/lib/mono/unityjit-win32'
Mono config path = 'C:/Program Files/Unity/Hub/Editor/2021.3.3f1/Editor/Data/MonoBleedingEdge/etc'
Using monoOptions --debugger-agent=transport=dt_socket,embedding=1,server=y,suspend=n,address=127.0.0.1:56712
Begin MonoManager ReloadAssembly
Registering precompiled unity dll's ...
Register platform support module: C:/Program Files/Unity/Hub/Editor/2021.3.3f1/Editor/Data/PlaybackEngines/AndroidPlayer/UnityEditor.Android.Extensions.dll
Register platform support module: C:/Program Files/Unity/Hub/Editor/2021.3.3f1/Editor/Data/PlaybackEngines/WindowsStandaloneSupport/UnityEditor.WindowsStandalone.Extensions.dll
Registered in 0.006859 seconds.
Native extension for WindowsStandalone target not found
Native extension for Android target not found
Refreshing native plugins compatible for Editor in 115.80 ms, found 29 plugins.
Preloading 1 native plugins for Editor in 0.11 ms.
Mono: successfully reloaded assembly
- Completed reload, in  0.732 seconds
Domain Reload Profiling:
	ReloadAssembly (732ms)
		BeginReloadAssembly (118ms)
			ExecutionOrderSort (0ms)
			DisableScriptedObjects (0ms)
			BackupInstance (0ms)
			ReleaseScriptingObjects (0ms)
			CreateAndSetChildDomain (1ms)
		EndReloadAssembly (487ms)
			LoadAssemblies (121ms)
			RebuildTransferFunctionScriptingTraits (0ms)
			SetupTypeCache (107ms)
			ReleaseScriptCaches (0ms)
			RebuildScriptCaches (32ms)
			SetupLoadedEditorAssemblies (292ms)
				LogAssemblyErrors (0ms)
				InitializePlatformSupportModulesInManaged (54ms)
				SetLoadedEditorAssemblies (1ms)
				RefreshPlugins (116ms)
				BeforeProcessingInitializeOnLoad (1ms)
				ProcessInitializeOnLoadAttributes (82ms)
				ProcessInitializeOnLoadMethodAttributes (38ms)
				AfterProcessingInitializeOnLoad (0ms)
				EditorAssembliesLoaded (0ms)
			ExecutionOrderSort2 (0ms)
			AwakeInstancesAfterBackupRestoration (0ms)
Platform modules already initialized, skipping
Registering precompiled user dll's ...
Registered in 0.021155 seconds.
Begin MonoManager ReloadAssembly
Symbol file LoadedFromMemory doesn't match image C:\Users\himak\TPU_GAME\VRTEST2\Library\PackageCache\com.unity.visualscripting@1.7.6\Editor\VisualScripting.Core\Dependencies\DotNetZip\Unity.VisualScripting.IonicZip.dll
Symbol file LoadedFromMemory doesn't match image C:\Users\himak\TPU_GAME\VRTEST2\Library\PackageCache\com.unity.visualscripting@1.7.6\Editor\VisualScripting.Core\Dependencies\YamlDotNet\Unity.VisualScripting.YamlDotNet.dll
Native extension for WindowsStandalone target not found
Native extension for Android target not found
Refreshing native plugins compatible for Editor in 1.18 ms, found 29 plugins.
Preloading 1 native plugins for Editor in 0.11 ms.
Package Manager log level set to [2]
[XR] OculusXRPlugin: registering subsystems
[XR] Unable to register display lifecyle provider: [1]
[XR] Oculus Input lifecycle provider registered.
[XR] Unable to register input lifecyle provider: [1]
[XR] OVRP version 1.73.0
Mono: successfully reloaded assembly
- Completed reload, in  1.448 seconds
Domain Reload Profiling:
	ReloadAssembly (1449ms)
		BeginReloadAssembly (229ms)
			ExecutionOrderSort (0ms)
			DisableScriptedObjects (4ms)
			BackupInstance (0ms)
			ReleaseScriptingObjects (0ms)
			CreateAndSetChildDomain (130ms)
		EndReloadAssembly (1120ms)
			LoadAssemblies (167ms)
			RebuildTransferFunctionScriptingTraits (0ms)
			SetupTypeCache (381ms)
			ReleaseScriptCaches (1ms)
			RebuildScriptCaches (76ms)
			SetupLoadedEditorAssemblies (477ms)
				LogAssemblyErrors (0ms)
				InitializePlatformSupportModulesInManaged (13ms)
				SetLoadedEditorAssemblies (0ms)
				RefreshPlugins (1ms)
				BeforeProcessingInitializeOnLoad (97ms)
				ProcessInitializeOnLoadAttributes (322ms)
				ProcessInitializeOnLoadMethodAttributes (38ms)
				AfterProcessingInitializeOnLoad (5ms)
				EditorAssembliesLoaded (0ms)
			ExecutionOrderSort2 (0ms)
			AwakeInstancesAfterBackupRestoration (5ms)
Platform modules already initialized, skipping
========================================================================
Worker process is ready to serve import requests
Shader 'PIDI Shaders Collection/Planar Reflections 4/Water Shaders/Mobile Water': fallback shader 'Transparent' not found
Shader 'Oculus/OVRMRCameraFrameLit': fallback shader 'Alpha-Diffuse' not found
Shader 'PIDI Shaders Collection/Planar Reflections 4/Water Shaders/Mobile Water (Depth)': fallback shader 'Transparent' not found
Shader 'PIDI Shaders Collection/Planar Reflections 4/Water Shaders/Advanced (Tessellation)': fallback shader 'Transparent' not found
Launched and connected shader compiler UnityShaderCompiler.exe after 0.07 seconds
Refreshing native plugins compatible for Editor in 1.64 ms, found 29 plugins.
Preloading 1 native plugins for Editor in 0.14 ms.
Unloading 5300 Unused Serialized files (Serialized files now loaded: 0)
Unloading 95 unused Assets / (2.1 MB). Loaded Objects now: 5743.
Memory consumption went from 327.6 MB to 325.5 MB.
Total: 4.419300 ms (FindLiveObjects: 0.479300 ms CreateObjectMapping: 0.240900 ms MarkObjects: 2.880400 ms  DeleteObjects: 0.817600 ms)

AssetImportParameters requested are different than current active one (requested -> active):
  custom:video-decoder-ogg-theora: a1e56fd34408186e4bbccfd4996cb3dc -> 
  custom:container-muxer-webm: aa71ff27fc2769a1b78a27578f13a17b -> 
  custom:container-demuxer-webm: 4f35f7cbe854078d1ac9338744f61a02 -> 
  custom:video-encoder-webm-vp8: eb34c28f22e8b96e1ab97ce403110664 -> 
  custom:video-codec-MediaFoundation-h265: 746d11721c4dcdbdad8f713fa42b33f4 -> 
  custom:audio-encoder-webm-vorbis: bf7c407c2cedff20999df2af8eb42d56 -> 
  custom:framework-win-MediaFoundation: 216162199b28c13a410421893ffa2e32 -> 
  custom:container-demuxer-ogg: 62fdf1f143b41e24485cea50d1cbac27 -> 
  custom:video-decoder-webm-vp8: 9c59270c3fd7afecdb556c50c9e8de78 -> 
  custom:audio-decoder-ogg-vorbis: bf7c407c2cedff20999df2af8eb42d56 -> 
========================================================================
Received Import Request.
  Time since last request: 121425.251117 seconds.
  path: Assets/Oculus/SampleFramework/Usage/DistanceGrab/Materials/Ball10WithOutline.mat
  artifactKey: Guid(d00d1a54e2eb041f4aaa2e3a08cd3e93) Importer(815301076,1909f56bfc062723c751e8b465ee728b)
Start importing Assets/Oculus/SampleFramework/Usage/DistanceGrab/Materials/Ball10WithOutline.mat using Guid(d00d1a54e2eb041f4aaa2e3a08cd3e93) Importer(815301076,1909f56bfc062723c751e8b465ee728b)  -> (artifact id: 'b260efeb87234a88e3621e8fff47da1e') in 0.171312 seconds 
========================================================================
Received Import Request.
  Time since last request: 6.423191 seconds.
  path: Assets/Oculus/SampleFramework/Core/Locomotion/Materials/ColumnGlow.mat
  artifactKey: Guid(5e53c7a8c2e563c4c90a8fa620eebc2c) Importer(815301076,1909f56bfc062723c751e8b465ee728b)
Start importing Assets/Oculus/SampleFramework/Core/Locomotion/Materials/ColumnGlow.mat using Guid(5e53c7a8c2e563c4c90a8fa620eebc2c) Importer(815301076,1909f56bfc062723c751e8b465ee728b)  -> (artifact id: '7b62b3628d2a56d7aad1c464f13d4110') in 0.027072 seconds 
========================================================================
Received Import Request.
  Time since last request: 0.000027 seconds.
  path: Assets/Oculus/Spatializer/scenes/Standard Assets/Character Controllers/Sources/PrototypeCharacter/Materials/constructor_done.mat
  artifactKey: Guid(ca49380a71a2bb64c830d06bd421b9d1) Importer(815301076,1909f56bfc062723c751e8b465ee728b)
Start importing Assets/Oculus/Spatializer/scenes/Standard Assets/Character Controllers/Sources/PrototypeCharacter/Materials/constructor_done.mat using Guid(ca49380a71a2bb64c830d06bd421b9d1) Importer(815301076,1909f56bfc062723c751e8b465ee728b)  -> (artifact id: '12574785e5c15ee4c0430698d414066f') in 0.043269 seconds 
========================================================================
Received Import Request.
  Time since last request: 0.042800 seconds.
  path: Assets/PIDI Game Development Framework/Planar Reflections 4/Shared Assets/Internal Resources/Default_ReflectionMat.mat
  artifactKey: Guid(fbfc4efe23a9b0046a787d829353352b) Importer(815301076,1909f56bfc062723c751e8b465ee728b)
Start importing Assets/PIDI Game Development Framework/Planar Reflections 4/Shared Assets/Internal Resources/Default_ReflectionMat.mat using Guid(fbfc4efe23a9b0046a787d829353352b) Importer(815301076,1909f56bfc062723c751e8b465ee728b)  -> (artifact id: '3109aa0a8d452d17756bba24cdbaefea') in 0.013934 seconds 
========================================================================
Received Import Request.
  Time since last request: 1.380771 seconds.
  path: Assets/Oculus/Interaction/Samples/Objects/Environment/MRDesk/Models/MRDeskShadow.fbx
  artifactKey: Guid(bb5c416ca94f7a34fbd14f26fa5a38e6) Importer(815301076,1909f56bfc062723c751e8b465ee728b)
Start importing Assets/Oculus/Interaction/Samples/Objects/Environment/MRDesk/Models/MRDeskShadow.fbx using Guid(bb5c416ca94f7a34fbd14f26fa5a38e6) Importer(815301076,1909f56bfc062723c751e8b465ee728b)  -> (artifact id: '35af944f2d03ef96b698227c7e5c6c66') in 0.062453 seconds 
========================================================================
Received Import Request.
  Time since last request: 0.000026 seconds.
  path: Assets/VolumetricFog/Extra/DynamicFog/Resources/Materials/DFGDesktop.mat
  artifactKey: Guid(e690fbcab4e0648b7a7442a23edb176c) Importer(815301076,1909f56bfc062723c751e8b465ee728b)
Start importing Assets/VolumetricFog/Extra/DynamicFog/Resources/Materials/DFGDesktop.mat using Guid(e690fbcab4e0648b7a7442a23edb176c) Importer(815301076,1909f56bfc062723c751e8b465ee728b)  -> (artifact id: 'c679f990b273da64bc7406677a409567') in 0.021937 seconds 
========================================================================
Received Import Request.
  Time since last request: 0.000018 seconds.
  path: Assets/VolumetricFog/Extra/DynamicFog/Resources/Materials/DFGBasic.mat
  artifactKey: Guid(338c14822666745c9b0acc9ec4037c04) Importer(815301076,1909f56bfc062723c751e8b465ee728b)
Start importing Assets/VolumetricFog/Extra/DynamicFog/Resources/Materials/DFGBasic.mat using Guid(338c14822666745c9b0acc9ec4037c04) Importer(815301076,1909f56bfc062723c751e8b465ee728b)  -> (artifact id: '78527538931ab9f84a5402462b4dbd1a') in 0.019783 seconds 
========================================================================
Received Import Request.
  Time since last request: 0.000033 seconds.
  path: Assets/VolumetricFog/Extra/DynamicFog/Resources/Materials/DFGDesktopPlus.mat
  artifactKey: Guid(7965c0a84210e428db3cef4e40f73651) Importer(815301076,1909f56bfc062723c751e8b465ee728b)
Start importing Assets/VolumetricFog/Extra/DynamicFog/Resources/Materials/DFGDesktopPlus.mat using Guid(7965c0a84210e428db3cef4e40f73651) Importer(815301076,1909f56bfc062723c751e8b465ee728b)  -> (artifact id: '90c5caf91acf46477848e1018d3aae4f') in 0.021361 seconds 
========================================================================
Received Import Request.
  Time since last request: 0.637467 seconds.
  path: Assets/VolumetricFog/Extra/DynamicFog/Resources/Materials/DFGOrthogonal.mat
  artifactKey: Guid(4ffaabe80115e4a749ed52e0306b7cf3) Importer(815301076,1909f56bfc062723c751e8b465ee728b)
Start importing Assets/VolumetricFog/Extra/DynamicFog/Resources/Materials/DFGOrthogonal.mat using Guid(4ffaabe80115e4a749ed52e0306b7cf3) Importer(815301076,1909f56bfc062723c751e8b465ee728b)  -> (artifact id: '77e51b2e7c28b2b4fa965421957d6376') in 0.025070 seconds 
========================================================================
Received Import Request.
  Time since last request: 0.000019 seconds.
  path: Assets/VolumetricFog/Extra/DynamicFog/Resources/Materials/DFMStandardShader.mat
  artifactKey: Guid(fa0ed8310cadb4e2c8dfd7fb51877ae3) Importer(815301076,1909f56bfc062723c751e8b465ee728b)
Start importing Assets/VolumetricFog/Extra/DynamicFog/Resources/Materials/DFMStandardShader.mat using Guid(fa0ed8310cadb4e2c8dfd7fb51877ae3) Importer(815301076,1909f56bfc062723c751e8b465ee728b)  -> (artifact id: 'b5b06ee44a716dcc1be0892abe5d696b') in 0.153699 seconds 
========================================================================
Received Import Request.
  Time since last request: 0.000020 seconds.
  path: Assets/VolumetricFog/Extra/DynamicFog/Resources/Materials/DFOWithSky.mat
  artifactKey: Guid(660fcb1e990cd4bde9de34e7ab9f8ae9) Importer(815301076,1909f56bfc062723c751e8b465ee728b)
Start importing Assets/VolumetricFog/Extra/DynamicFog/Resources/Materials/DFOWithSky.mat using Guid(660fcb1e990cd4bde9de34e7ab9f8ae9) Importer(815301076,1909f56bfc062723c751e8b465ee728b)  -> (artifact id: 'd73311a360b2a30b8912c3f3bec49fb1') in 0.022491 seconds 
========================================================================
Received Import Request.
  Time since last request: 0.000035 seconds.
  path: Assets/VolumetricFog/Extra/DynamicFog/Resources/Materials/DFODesktopPlus.mat
  artifactKey: Guid(30ad6dcc88202426ba12607857faf4a1) Importer(815301076,1909f56bfc062723c751e8b465ee728b)
Start importing Assets/VolumetricFog/Extra/DynamicFog/Resources/Materials/DFODesktopPlus.mat using Guid(30ad6dcc88202426ba12607857faf4a1) Importer(815301076,1909f56bfc062723c751e8b465ee728b)  -> (artifact id: 'fdab32420ed7f4b0754c64a8ccb864f4') in 0.025543 seconds 
========================================================================
Received Import Request.
  Time since last request: 0.000027 seconds.
  path: Assets/VolumetricFog/Extra/DynamicFog/Resources/Materials/DFMUnlit.mat
  artifactKey: Guid(876b86b5ad7494ec598e4869e6a4a837) Importer(815301076,1909f56bfc062723c751e8b465ee728b)
Start importing Assets/VolumetricFog/Extra/DynamicFog/Resources/Materials/DFMUnlit.mat using Guid(876b86b5ad7494ec598e4869e6a4a837) Importer(815301076,1909f56bfc062723c751e8b465ee728b)  -> (artifact id: 'e5c90898aa83239d054dd0ee7deea489') in 0.016885 seconds 
========================================================================
Received Import Request.
  Time since last request: 0.000017 seconds.
  path: Assets/VolumetricFog/Extra/DynamicFog/Resources/Materials/DFOOnlyFog.mat
  artifactKey: Guid(d777ed1f5f0864d7a83ac8a7dc06f2f5) Importer(815301076,1909f56bfc062723c751e8b465ee728b)
Start importing Assets/VolumetricFog/Extra/DynamicFog/Resources/Materials/DFOOnlyFog.mat using Guid(d777ed1f5f0864d7a83ac8a7dc06f2f5) Importer(815301076,1909f56bfc062723c751e8b465ee728b)  -> (artifact id: 'de9dc36b0824840369e73dbbe7688ca9') in 0.012916 seconds 
========================================================================
Received Import Request.
  Time since last request: 0.000021 seconds.
  path: Assets/VolumetricFog/Extra/DynamicFog/Resources/Materials/DFODesktopPlusOrthogonal.mat
  artifactKey: Guid(bf5b19aebc4d64e16992d5b1bc856e95) Importer(815301076,1909f56bfc062723c751e8b465ee728b)
Start importing Assets/VolumetricFog/Extra/DynamicFog/Resources/Materials/DFODesktopPlusOrthogonal.mat using Guid(bf5b19aebc4d64e16992d5b1bc856e95) Importer(815301076,1909f56bfc062723c751e8b465ee728b)  -> (artifact id: '11137ba9172d7ad710f22adebfc752f6') in 0.016244 seconds 
========================================================================
Received Import Request.
  Time since last request: 0.000028 seconds.
  path: Assets/VolumetricFog/Extra/DynamicFog/Resources/Materials/DFOOrthogonal.mat
  artifactKey: Guid(cf49cbc9756e44b50aa189f62606962a) Importer(815301076,1909f56bfc062723c751e8b465ee728b)
Start importing Assets/VolumetricFog/Extra/DynamicFog/Resources/Materials/DFOOrthogonal.mat using Guid(cf49cbc9756e44b50aa189f62606962a) Importer(815301076,1909f56bfc062723c751e8b465ee728b)  -> (artifact id: '0f821f686645bbb3a182738851455b54') in 0.013974 seconds 
========================================================================
Received Import Request.
  Time since last request: 0.000020 seconds.
  path: Assets/VolumetricFog/Extra/DynamicFog/Resources/Materials/DFMLambert.mat
  artifactKey: Guid(d8f88774a72ec4efca16b7126853ab2b) Importer(815301076,1909f56bfc062723c751e8b465ee728b)
Start importing Assets/VolumetricFog/Extra/DynamicFog/Resources/Materials/DFMLambert.mat using Guid(d8f88774a72ec4efca16b7126853ab2b) Importer(815301076,1909f56bfc062723c751e8b465ee728b)  -> (artifact id: '004fcd317ca0948a2c067753052b9d17') in 0.103145 seconds 
========================================================================
Received Import Request.
  Time since last request: 0.000027 seconds.
  path: Assets/Oculus/Interaction/Runtime/Materials/DotGridUnlit.mat
  artifactKey: Guid(c8abc1d05afcf524eb9f7657ed06700d) Importer(815301076,1909f56bfc062723c751e8b465ee728b)
Start importing Assets/Oculus/Interaction/Runtime/Materials/DotGridUnlit.mat using Guid(c8abc1d05afcf524eb9f7657ed06700d) Importer(815301076,1909f56bfc062723c751e8b465ee728b)  -> (artifact id: 'ee1303f2f173309b4ca1e4b0f15ca8f9') in 0.013610 seconds 
========================================================================
Received Import Request.
  Time since last request: 0.000031 seconds.
  path: Assets/VolumetricFog/Extra/DynamicFog/Resources/Materials/DFRUnlitSolidColor.mat
  artifactKey: Guid(3ee283ed7b2f64d0da49d66af6a0f475) Importer(815301076,1909f56bfc062723c751e8b465ee728b)
Start importing Assets/VolumetricFog/Extra/DynamicFog/Resources/Materials/DFRUnlitSolidColor.mat using Guid(3ee283ed7b2f64d0da49d66af6a0f475) Importer(815301076,1909f56bfc062723c751e8b465ee728b)  -> (artifact id: 'b3a1456ca02db4acad98fb54d0337aa9') in 0.012227 seconds 
========================================================================
Received Import Request.
  Time since last request: 0.000023 seconds.
  path: Assets/VolumetricFog/Extra/DynamicFog/Resources/Materials/DFRStandardShader.mat
  artifactKey: Guid(d39c1627c3612475ab4c15ac510bb630) Importer(815301076,1909f56bfc062723c751e8b465ee728b)
Start importing Assets/VolumetricFog/Extra/DynamicFog/Resources/Materials/DFRStandardShader.mat using Guid(d39c1627c3612475ab4c15ac510bb630) Importer(815301076,1909f56bfc062723c751e8b465ee728b)  -> (artifact id: '21aaf6300c559a7f76234fb6040ccb47') in 0.140895 seconds 
========================================================================
Received Import Request.
  Time since last request: 0.000017 seconds.
  path: Assets/VolumetricFog/Extra/DynamicFog/Resources/Materials/DFRLambertSolidColor.mat
  artifactKey: Guid(a380e170f9b3a450eaa59f1021d9c69a) Importer(815301076,1909f56bfc062723c751e8b465ee728b)
Start importing Assets/VolumetricFog/Extra/DynamicFog/Resources/Materials/DFRLambertSolidColor.mat using Guid(a380e170f9b3a450eaa59f1021d9c69a) Importer(815301076,1909f56bfc062723c751e8b465ee728b)  -> (artifact id: '8e70bf962179bd50fb333e1af1ad2fbe') in 0.100867 seconds 
========================================================================
Received Import Request.
  Time since last request: 0.066528 seconds.
  path: Assets/Oculus/Interaction/Samples/Objects/Environment/Room/Models/SmallRoom.fbx
  artifactKey: Guid(78906942dba6db24ca155679a45f60ef) Importer(815301076,1909f56bfc062723c751e8b465ee728b)
Start importing Assets/Oculus/Interaction/Samples/Objects/Environment/Room/Models/SmallRoom.fbx using Guid(78906942dba6db24ca155679a45f60ef) Importer(815301076,1909f56bfc062723c751e8b465ee728b)  -> (artifact id: '81178dad2659a1271325ac687d8edb61') in 0.192534 seconds 
========================================================================
Received Import Request.
  Time since last request: 0.092550 seconds.
  path: Assets/Oculus/SampleFramework/Core/CustomHands/Materials/Hands_striped.mat
  artifactKey: Guid(2053692007a444b4298a3c679f98a1ce) Importer(815301076,1909f56bfc062723c751e8b465ee728b)
Start importing Assets/Oculus/SampleFramework/Core/CustomHands/Materials/Hands_striped.mat using Guid(2053692007a444b4298a3c679f98a1ce) Importer(815301076,1909f56bfc062723c751e8b465ee728b)  -> (artifact id: '54a483c430940cb0878e8dee7184c21d') in 0.029211 seconds 
========================================================================
Received Import Request.
  Time since last request: 0.000028 seconds.
  path: Assets/Pen/Materials/IrabatHand_phong1.mat
  artifactKey: Guid(bf42773663ad58a40b9575d1fe6596c1) Importer(815301076,1909f56bfc062723c751e8b465ee728b)
Start importing Assets/Pen/Materials/IrabatHand_phong1.mat using Guid(bf42773663ad58a40b9575d1fe6596c1) Importer(815301076,1909f56bfc062723c751e8b465ee728b)  -> (artifact id: '1c79ff26adb5c833a7f4e73a8d6282db') in 0.011492 seconds 
========================================================================
Received Import Request.
  Time since last request: 0.000027 seconds.
  path: Assets/Oculus/SampleFramework/Core/TouchControllers/Materials/lambert1.mat
  artifactKey: Guid(3c839695eb4e10e448a959141b3abc7c) Importer(815301076,1909f56bfc062723c751e8b465ee728b)
Start importing Assets/Oculus/SampleFramework/Core/TouchControllers/Materials/lambert1.mat using Guid(3c839695eb4e10e448a959141b3abc7c) Importer(815301076,1909f56bfc062723c751e8b465ee728b)  -> (artifact id: '8f6c4c4162bd493abaf99c5af88d1ec8') in 0.011440 seconds 
========================================================================
Received Import Request.
  Time since last request: 0.000017 seconds.
  path: Assets/Oculus/LipSync/Models/RobotHead_TextureFlip/Materials/Head-2.mat
  artifactKey: Guid(b8f002f88e9d7e847b5306f3338f80db) Importer(815301076,1909f56bfc062723c751e8b465ee728b)
Start importing Assets/Oculus/LipSync/Models/RobotHead_TextureFlip/Materials/Head-2.mat using Guid(b8f002f88e9d7e847b5306f3338f80db) Importer(815301076,1909f56bfc062723c751e8b465ee728b)  -> (artifact id: 'd2902c2e2e37cd5dd3afd04b1b1cf38e') in 0.087663 seconds 
========================================================================
Received Import Request.
  Time since last request: 0.000020 seconds.
  path: Assets/Oculus/VR/Meshes/HandTracking/OculusHand_R.fbx
  artifactKey: Guid(88e2e1bfe11ec6c438b0ade27eaeded1) Importer(815301076,1909f56bfc062723c751e8b465ee728b)
Start importing Assets/Oculus/VR/Meshes/HandTracking/OculusHand_R.fbx using Guid(88e2e1bfe11ec6c438b0ade27eaeded1) Importer(815301076,1909f56bfc062723c751e8b465ee728b)  -> (artifact id: 'c7dcd2ed62acb2bd1ce738f117e818c5') in 0.071755 seconds 
========================================================================
Received Import Request.
  Time since last request: 1.181029 seconds.
  path: Assets/Oculus/Interaction/Samples/Objects/Props/MapWithPins/Materials/MapPointerMat.mat
  artifactKey: Guid(c37ac7b36a67bf44886b168381204b8b) Importer(815301076,1909f56bfc062723c751e8b465ee728b)
Start importing Assets/Oculus/Interaction/Samples/Objects/Props/MapWithPins/Materials/MapPointerMat.mat using Guid(c37ac7b36a67bf44886b168381204b8b) Importer(815301076,1909f56bfc062723c751e8b465ee728b)  -> (artifact id: 'ed6435db2d5bbe00c68799dd3bf0f26c') in 0.023204 seconds 
========================================================================
Received Import Request.
  Time since last request: 0.000017 seconds.
  path: Assets/Oculus/LipSync/Models/FemaleHead_Morph/Materials/melinda_DIFF.mat
  artifactKey: Guid(16d9c6ac0607b6446a37514d6e175d44) Importer(815301076,1909f56bfc062723c751e8b465ee728b)
Start importing Assets/Oculus/LipSync/Models/FemaleHead_Morph/Materials/melinda_DIFF.mat using Guid(16d9c6ac0607b6446a37514d6e175d44) Importer(815301076,1909f56bfc062723c751e8b465ee728b)  -> (artifact id: '18863a9e630263a51952f0714436adef') in 0.021950 seconds 
========================================================================
Received Import Request.
  Time since last request: 0.000023 seconds.
  path: Assets/Oculus/Interaction/Runtime/Materials/OculusHandDebug.mat
  artifactKey: Guid(955dc62c6d15d7940a00920925eab81c) Importer(815301076,1909f56bfc062723c751e8b465ee728b)
Start importing Assets/Oculus/Interaction/Runtime/Materials/OculusHandDebug.mat using Guid(955dc62c6d15d7940a00920925eab81c) Importer(815301076,1909f56bfc062723c751e8b465ee728b)  -> (artifact id: 'b69e5dce6887f98ebd00e4648f07b1e4') in 0.012403 seconds 
========================================================================
Received Import Request.
  Time since last request: 0.000034 seconds.
  path: Assets/Oculus/Interaction/Samples/Objects/Environment/SmallRoom/Materials/SmallRoomFabricMat.mat
  artifactKey: Guid(8ad3dfbb5f0703a4f911a6aad201242c) Importer(815301076,1909f56bfc062723c751e8b465ee728b)
Start importing Assets/Oculus/Interaction/Samples/Objects/Environment/SmallRoom/Materials/SmallRoomFabricMat.mat using Guid(8ad3dfbb5f0703a4f911a6aad201242c) Importer(815301076,1909f56bfc062723c751e8b465ee728b)  -> (artifact id: 'c1edf8cff1ae2760ac8e069499249246') in 0.022543 seconds 
========================================================================
Received Import Request.
  Time since last request: 0.000033 seconds.
  path: Assets/Oculus/SampleFramework/Usage/DistanceGrab/Materials/SportsBottleMetalWithOutline.mat
  artifactKey: Guid(83de4bdf95bc24d318c17ae79d743908) Importer(815301076,1909f56bfc062723c751e8b465ee728b)
Start importing Assets/Oculus/SampleFramework/Usage/DistanceGrab/Materials/SportsBottleMetalWithOutline.mat using Guid(83de4bdf95bc24d318c17ae79d743908) Importer(815301076,1909f56bfc062723c751e8b465ee728b)  -> (artifact id: '7db23ddf320d83cb4fa9fa0b6b6edb6c') in 0.026937 seconds 
========================================================================
Received Import Request.
  Time since last request: 0.000029 seconds.
  path: Assets/Oculus/Interaction/Samples/Objects/Environment/Room/Materials/WindowStencilWriter.mat
  artifactKey: Guid(90969dd5aecc40c438a178ce4c40aa8f) Importer(815301076,1909f56bfc062723c751e8b465ee728b)
Start importing Assets/Oculus/Interaction/Samples/Objects/Environment/Room/Materials/WindowStencilWriter.mat using Guid(90969dd5aecc40c438a178ce4c40aa8f) Importer(815301076,1909f56bfc062723c751e8b465ee728b)  -> (artifact id: '05bc84b0912744f0464d7cfac75db0f0') in 0.017218 seconds 
========================================================================
Received Import Request.
  Time since last request: 0.000029 seconds.
  path: Assets/Oculus/SampleFramework/Usage/DistanceGrab/Materials/ToyCubeWithOutline.mat
  artifactKey: Guid(99420f5a26a93487aa0ae70d73da8c34) Importer(815301076,1909f56bfc062723c751e8b465ee728b)
Start importing Assets/Oculus/SampleFramework/Usage/DistanceGrab/Materials/ToyCubeWithOutline.mat using Guid(99420f5a26a93487aa0ae70d73da8c34) Importer(815301076,1909f56bfc062723c751e8b465ee728b)  -> (artifact id: '76cfe2cffad1304b00aa85d7f5cbc616') in 0.026499 seconds 
========================================================================
Received Import Request.
  Time since last request: 0.000028 seconds.
  path: Assets/Oculus/SampleFramework/Usage/DistanceGrab/Materials/TriangleCursorUntargeted.mat
  artifactKey: Guid(766bb65e1129a4712a168c459298b449) Importer(815301076,1909f56bfc062723c751e8b465ee728b)
Start importing Assets/Oculus/SampleFramework/Usage/DistanceGrab/Materials/TriangleCursorUntargeted.mat using Guid(766bb65e1129a4712a168c459298b449) Importer(815301076,1909f56bfc062723c751e8b465ee728b)  -> (artifact id: '6f4b5b4435d54eff650af31916172825') in 0.017504 seconds 
========================================================================
Received Import Request.
  Time since last request: 0.000023 seconds.
  path: Assets/PIDI Game Development Framework/Planar Reflections 4/Legacy Rendering Pipeline/Shaders/PBR/PIDIPlanarReflections4_PBR_Metallic_Alpha.mat
  artifactKey: Guid(beafcc8eb11a14e47baf55092dd616fb) Importer(815301076,1909f56bfc062723c751e8b465ee728b)
Start importing Assets/PIDI Game Development Framework/Planar Reflections 4/Legacy Rendering Pipeline/Shaders/PBR/PIDIPlanarReflections4_PBR_Metallic_Alpha.mat using Guid(beafcc8eb11a14e47baf55092dd616fb) Importer(815301076,1909f56bfc062723c751e8b465ee728b)  -> (artifact id: '6fe43f155320d7b806ca877e6fadb156') in 0.214315 seconds 
========================================================================
Received Import Request.
  Time since last request: 0.000024 seconds.
  path: Assets/PIDI Game Development Framework/Planar Reflections 4/Shared Assets/Internal Resources/PIDIPlanarReflections4_WorldBasedFog.mat
  artifactKey: Guid(edc18ab1799dc3c4c8660c19ecccf8f1) Importer(815301076,1909f56bfc062723c751e8b465ee728b)
Start importing Assets/PIDI Game Development Framework/Planar Reflections 4/Shared Assets/Internal Resources/PIDIPlanarReflections4_WorldBasedFog.mat using Guid(edc18ab1799dc3c4c8660c19ecccf8f1) Importer(815301076,1909f56bfc062723c751e8b465ee728b)  -> (artifact id: 'b445cb957f041c01c9e30845dcd05724') in 0.026803 seconds 
========================================================================
Received Import Request.
  Time since last request: 0.000034 seconds.
  path: Assets/PostProcessing/Utilities/CustomMotionTexture/Materials/UVChecker.mat
  artifactKey: Guid(944463113244f4bf8b05c1757cd838a4) Importer(815301076,1909f56bfc062723c751e8b465ee728b)
Start importing Assets/PostProcessing/Utilities/CustomMotionTexture/Materials/UVChecker.mat using Guid(944463113244f4bf8b05c1757cd838a4) Importer(815301076,1909f56bfc062723c751e8b465ee728b)  -> (artifact id: '9b7fbee830a9ed54b4a26c1673ade0da') in 0.039520 seconds 
========================================================================
Received Import Request.
  Time since last request: 0.000024 seconds.
  path: Assets/Oculus/SampleFramework/Core/TouchControllers/Models/touch_controller_MAT.mat
  artifactKey: Guid(d8a202bc350b09c4e808ea37c6929755) Importer(815301076,1909f56bfc062723c751e8b465ee728b)
Start importing Assets/Oculus/SampleFramework/Core/TouchControllers/Models/touch_controller_MAT.mat using Guid(d8a202bc350b09c4e808ea37c6929755) Importer(815301076,1909f56bfc062723c751e8b465ee728b)  -> (artifact id: '40a97cb25cfc0481749c34619033987b') in 0.090330 seconds 
========================================================================
Received Import Request.
  Time since last request: 0.000026 seconds.
  path: Assets/VolumetricFog/Resources/Extra/Sprites/SpriteFogUnlit.mat
  artifactKey: Guid(20b49c70f9a6c4499bcf9c2c7024e605) Importer(815301076,1909f56bfc062723c751e8b465ee728b)
Start importing Assets/VolumetricFog/Resources/Extra/Sprites/SpriteFogUnlit.mat using Guid(20b49c70f9a6c4499bcf9c2c7024e605) Importer(815301076,1909f56bfc062723c751e8b465ee728b)  -> (artifact id: 'dcb4a4b2b33117d5e2e05136ef0f2335') in 0.083405 seconds 
========================================================================
Received Import Request.
  Time since last request: 0.000031 seconds.
  path: Assets/Oculus/Interaction/Samples/Objects/Environment/MRDesk/Materials/MRDeskShadow.mat
  artifactKey: Guid(b8b2855e2f2d82f47a440a0f16dbfd71) Importer(815301076,1909f56bfc062723c751e8b465ee728b)
Start importing Assets/Oculus/Interaction/Samples/Objects/Environment/MRDesk/Materials/MRDeskShadow.mat using Guid(b8b2855e2f2d82f47a440a0f16dbfd71) Importer(815301076,1909f56bfc062723c751e8b465ee728b)  -> (artifact id: 'e4054b4814896cf596b87ff74d95c93a') in 0.015156 seconds 
========================================================================
Received Import Request.
  Time since last request: 0.000031 seconds.
  path: Assets/Oculus/Interaction/Runtime/Materials/UIDefaultOverlay.mat
  artifactKey: Guid(bc9f80a2ae0e0a24d870176e48ab1b93) Importer(815301076,1909f56bfc062723c751e8b465ee728b)
Start importing Assets/Oculus/Interaction/Runtime/Materials/UIDefaultOverlay.mat using Guid(bc9f80a2ae0e0a24d870176e48ab1b93) Importer(815301076,1909f56bfc062723c751e8b465ee728b)  -> (artifact id: '3aa15ff6555af63174219780e587c3fc') in 0.014162 seconds 
========================================================================
Received Import Request.
  Time since last request: 0.000041 seconds.
  path: Assets/PIDI Game Development Framework/Planar Reflections 4/Legacy Rendering Pipeline/Shaders/PBR/PIDIPlanarReflections4_PBR_Specular_Alpha.mat
  artifactKey: Guid(490e0df812c60f5408560bb971951293) Importer(815301076,1909f56bfc062723c751e8b465ee728b)
Start importing Assets/PIDI Game Development Framework/Planar Reflections 4/Legacy Rendering Pipeline/Shaders/PBR/PIDIPlanarReflections4_PBR_Specular_Alpha.mat using Guid(490e0df812c60f5408560bb971951293) Importer(815301076,1909f56bfc062723c751e8b465ee728b)  -> (artifact id: 'a4343ef949f4e4eca51944c7b848e718') in 0.038330 seconds 
========================================================================
Received Import Request.
  Time since last request: 0.000079 seconds.
  path: Assets/PIDI Game Development Framework/Planar Reflections 4/Legacy Rendering Pipeline/Shaders/PBR/PIDIPlanarReflections4_PBR_Specular.mat
  artifactKey: Guid(fb769b61e4ece0b45bb6952995d7a612) Importer(815301076,1909f56bfc062723c751e8b465ee728b)
Start importing Assets/PIDI Game Development Framework/Planar Reflections 4/Legacy Rendering Pipeline/Shaders/PBR/PIDIPlanarReflections4_PBR_Specular.mat using Guid(fb769b61e4ece0b45bb6952995d7a612) Importer(815301076,1909f56bfc062723c751e8b465ee728b)  -> (artifact id: 'b55587b1c5061e66203410254c77f7f1') in 0.061297 seconds 
========================================================================
Received Import Request.
  Time since last request: 0.000027 seconds.
  path: Assets/VolumetricFog/Resources/Extra/Sprites/SpriteFogDiffuse.mat
  artifactKey: Guid(0b0e8b982b6e74ae882bf31b32d887b9) Importer(815301076,1909f56bfc062723c751e8b465ee728b)
Start importing Assets/VolumetricFog/Resources/Extra/Sprites/SpriteFogDiffuse.mat using Guid(0b0e8b982b6e74ae882bf31b32d887b9) Importer(815301076,1909f56bfc062723c751e8b465ee728b)  -> (artifact id: '5062ea60d75665f9931170c90ca665bc') in 0.093921 seconds 
========================================================================
Received Import Request.
  Time since last request: 0.000032 seconds.
  path: Assets/VolumetricFog/Resources/Extra/Sprites/SpriteFogDiffuseInstancing.mat
  artifactKey: Guid(8a39d07c039cc46bcbb291fa02ab718c) Importer(815301076,1909f56bfc062723c751e8b465ee728b)
Start importing Assets/VolumetricFog/Resources/Extra/Sprites/SpriteFogDiffuseInstancing.mat using Guid(8a39d07c039cc46bcbb291fa02ab718c) Importer(815301076,1909f56bfc062723c751e8b465ee728b)  -> (artifact id: 'e0f674ca35953a365a207076dc901fa5') in 0.079298 seconds 
Editor requested this worker to shutdown with reason: Scaling down because of idle timeout
AssetImportWorker is now disconnected from the server
Process exiting
Exiting without the bug reporter. Application will terminate with return code 0