Using pre-set license
Built from '2021.3/staging' branch; Version is '2021.3.3f1 (af2e63e8f9bd) revision 11480675'; Using compiler version '192829333'; Build Type 'Release'
OS: 'Windows 11  (10.0.22631) 64bit Core' Language: 'ja' Physical Memory: 16163 MB
BatchMode: 1, IsHumanControllingUs: 0, StartBugReporterOnCrash: 0, Is64bit: 1, IsPro: 1

COMMAND LINE ARGUMENTS:
C:\Program Files\Unity\Hub\Editor\2021.3.3f1\Editor\Unity.exe
-adb2
-batchMode
-noUpm
-name
AssetImportWorker0
-projectPath
C:/Users/himak/TPU_GAME/VRTEST2
-logFile
Logs/AssetImportWorker0.log
-srvPort
55322
Successfully changed project path to: C:/Users/himak/TPU_GAME/VRTEST2
C:/Users/himak/TPU_GAME/VRTEST2
[UnityMemory] Configuration Parameters - Can be set up in boot.config
    "memorysetup-bucket-allocator-granularity=16"
    "memorysetup-bucket-allocator-bucket-count=8"
    "memorysetup-bucket-allocator-block-size=33554432"
    "memorysetup-bucket-allocator-block-count=8"
    "memorysetup-main-allocator-block-size=16777216"
    "memorysetup-thread-allocator-block-size=16777216"
    "memorysetup-gfx-main-allocator-block-size=16777216"
    "memorysetup-gfx-thread-allocator-block-size=16777216"
    "memorysetup-cache-allocator-block-size=4194304"
    "memorysetup-typetree-allocator-block-size=2097152"
    "memorysetup-profiler-bucket-allocator-granularity=16"
    "memorysetup-profiler-bucket-allocator-bucket-count=8"
    "memorysetup-profiler-bucket-allocator-block-size=33554432"
    "memorysetup-profiler-bucket-allocator-block-count=8"
    "memorysetup-profiler-allocator-block-size=16777216"
    "memorysetup-profiler-editor-allocator-block-size=1048576"
    "memorysetup-temp-allocator-size-main=16777216"
    "memorysetup-job-temp-allocator-block-size=2097152"
    "memorysetup-job-temp-allocator-block-size-background=1048576"
    "memorysetup-job-temp-allocator-reduction-small-platforms=262144"
    "memorysetup-temp-allocator-size-background-worker=32768"
    "memorysetup-temp-allocator-size-job-worker=262144"
    "memorysetup-temp-allocator-size-preload-manager=33554432"
    "memorysetup-temp-allocator-size-nav-mesh-worker=65536"
    "memorysetup-temp-allocator-size-audio-worker=65536"
    "memorysetup-temp-allocator-size-cloud-worker=32768"
    "memorysetup-temp-allocator-size-gi-baking-worker=262144"
    "memorysetup-temp-allocator-size-gfx=262144"
Refreshing native plugins compatible for Editor in 191.67 ms, found 29 plugins.
Preloading 1 native plugins for Editor in 0.97 ms.
Initialize engine version: 2021.3.3f1 (af2e63e8f9bd)
[Subsystems] Discovering subsystems at path C:/Program Files/Unity/Hub/Editor/2021.3.3f1/Editor/Data/Resources/UnitySubsystems
[Subsystems] Discovering subsystems at path C:/Users/himak/TPU_GAME/VRTEST2/Assets
GfxDevice: creating device client; threaded=0; jobified=0
Direct3D:
    Version:  Direct3D 11.0 [level 11.1]
    Renderer: NVIDIA GeForce RTX 3050 Laptop GPU (ID=0x25a2)
    Vendor:   NVIDIA
    VRAM:     3964 MB
    Driver:   31.0.15.5176
Shader 'Oculus/OVRMRCameraFrameLit': fallback shader 'Alpha-Diffuse' not found
Shader 'PIDI Shaders Collection/Planar Reflections 4/Water Shaders/Mobile Water': fallback shader 'Transparent' not found
Shader 'PIDI Shaders Collection/Planar Reflections 4/Water Shaders/Mobile Water (Depth)': fallback shader 'Transparent' not found
Shader 'PIDI Shaders Collection/Planar Reflections 4/Water Shaders/Advanced (Tessellation)': fallback shader 'Transparent' not found
Initialize mono
Mono path[0] = 'C:/Program Files/Unity/Hub/Editor/2021.3.3f1/Editor/Data/Managed'
Mono path[1] = 'C:/Program Files/Unity/Hub/Editor/2021.3.3f1/Editor/Data/MonoBleedingEdge/lib/mono/unityjit-win32'
Mono config path = 'C:/Program Files/Unity/Hub/Editor/2021.3.3f1/Editor/Data/MonoBleedingEdge/etc'
Using monoOptions --debugger-agent=transport=dt_socket,embedding=1,server=y,suspend=n,address=127.0.0.1:56248
Begin MonoManager ReloadAssembly
Registering precompiled unity dll's ...
Register platform support module: C:/Program Files/Unity/Hub/Editor/2021.3.3f1/Editor/Data/PlaybackEngines/AndroidPlayer/UnityEditor.Android.Extensions.dll
Register platform support module: C:/Program Files/Unity/Hub/Editor/2021.3.3f1/Editor/Data/PlaybackEngines/WindowsStandaloneSupport/UnityEditor.WindowsStandalone.Extensions.dll
Registered in 0.006653 seconds.
Native extension for WindowsStandalone target not found
Native extension for Android target not found
Refreshing native plugins compatible for Editor in 108.36 ms, found 29 plugins.
Preloading 1 native plugins for Editor in 0.13 ms.
Mono: successfully reloaded assembly
- Completed reload, in  0.600 seconds
Domain Reload Profiling:
	ReloadAssembly (601ms)
		BeginReloadAssembly (83ms)
			ExecutionOrderSort (0ms)
			DisableScriptedObjects (0ms)
			BackupInstance (0ms)
			ReleaseScriptingObjects (0ms)
			CreateAndSetChildDomain (1ms)
		EndReloadAssembly (423ms)
			LoadAssemblies (83ms)
			RebuildTransferFunctionScriptingTraits (0ms)
			SetupTypeCache (86ms)
			ReleaseScriptCaches (0ms)
			RebuildScriptCaches (23ms)
			SetupLoadedEditorAssemblies (272ms)
				LogAssemblyErrors (0ms)
				InitializePlatformSupportModulesInManaged (49ms)
				SetLoadedEditorAssemblies (1ms)
				RefreshPlugins (109ms)
				BeforeProcessingInitializeOnLoad (1ms)
				ProcessInitializeOnLoadAttributes (77ms)
				ProcessInitializeOnLoadMethodAttributes (36ms)
				AfterProcessingInitializeOnLoad (0ms)
				EditorAssembliesLoaded (0ms)
			ExecutionOrderSort2 (0ms)
			AwakeInstancesAfterBackupRestoration (0ms)
Platform modules already initialized, skipping
Registering precompiled user dll's ...
Registered in 0.021961 seconds.
Begin MonoManager ReloadAssembly
Symbol file LoadedFromMemory doesn't match image C:\Users\himak\TPU_GAME\VRTEST2\Library\PackageCache\com.unity.visualscripting@1.7.6\Editor\VisualScripting.Core\Dependencies\DotNetZip\Unity.VisualScripting.IonicZip.dll
Symbol file LoadedFromMemory doesn't match image C:\Users\himak\TPU_GAME\VRTEST2\Library\PackageCache\com.unity.visualscripting@1.7.6\Editor\VisualScripting.Core\Dependencies\YamlDotNet\Unity.VisualScripting.YamlDotNet.dll
Native extension for WindowsStandalone target not found
Native extension for Android target not found
Refreshing native plugins compatible for Editor in 1.22 ms, found 29 plugins.
Preloading 1 native plugins for Editor in 0.10 ms.
Package Manager log level set to [2]
[XR] OculusXRPlugin: registering subsystems
[XR] Unable to register display lifecyle provider: [1]
[XR] Oculus Input lifecycle provider registered.
[XR] Unable to register input lifecyle provider: [1]
[XR] OVRP version 1.73.0
Mono: successfully reloaded assembly
- Completed reload, in  1.214 seconds
Domain Reload Profiling:
	ReloadAssembly (1215ms)
		BeginReloadAssembly (230ms)
			ExecutionOrderSort (0ms)
			DisableScriptedObjects (8ms)
			BackupInstance (0ms)
			ReleaseScriptingObjects (0ms)
			CreateAndSetChildDomain (129ms)
		EndReloadAssembly (892ms)
			LoadAssemblies (122ms)
			RebuildTransferFunctionScriptingTraits (0ms)
			SetupTypeCache (237ms)
			ReleaseScriptCaches (1ms)
			RebuildScriptCaches (65ms)
			SetupLoadedEditorAssemblies (441ms)
				LogAssemblyErrors (0ms)
				InitializePlatformSupportModulesInManaged (11ms)
				SetLoadedEditorAssemblies (0ms)
				RefreshPlugins (1ms)
				BeforeProcessingInitializeOnLoad (86ms)
				ProcessInitializeOnLoadAttributes (302ms)
				ProcessInitializeOnLoadMethodAttributes (34ms)
				AfterProcessingInitializeOnLoad (5ms)
				EditorAssembliesLoaded (0ms)
			ExecutionOrderSort2 (0ms)
			AwakeInstancesAfterBackupRestoration (5ms)
Platform modules already initialized, skipping
========================================================================
Worker process is ready to serve import requests
Shader 'PIDI Shaders Collection/Planar Reflections 4/Water Shaders/Mobile Water': fallback shader 'Transparent' not found
Shader 'Oculus/OVRMRCameraFrameLit': fallback shader 'Alpha-Diffuse' not found
Shader 'PIDI Shaders Collection/Planar Reflections 4/Water Shaders/Mobile Water (Depth)': fallback shader 'Transparent' not found
Shader 'PIDI Shaders Collection/Planar Reflections 4/Water Shaders/Advanced (Tessellation)': fallback shader 'Transparent' not found
Launched and connected shader compiler UnityShaderCompiler.exe after 0.06 seconds
Refreshing native plugins compatible for Editor in 2.37 ms, found 29 plugins.
Preloading 1 native plugins for Editor in 0.15 ms.
Unloading 5312 Unused Serialized files (Serialized files now loaded: 0)
Unloading 97 unused Assets / (2.2 MB). Loaded Objects now: 5753.
Memory consumption went from 328.3 MB to 326.1 MB.
Total: 10.697100 ms (FindLiveObjects: 0.688100 ms CreateObjectMapping: 0.581400 ms MarkObjects: 5.786300 ms  DeleteObjects: 3.638800 ms)

AssetImportParameters requested are different than current active one (requested -> active):
  custom:video-decoder-ogg-theora: a1e56fd34408186e4bbccfd4996cb3dc -> 
  custom:container-muxer-webm: aa71ff27fc2769a1b78a27578f13a17b -> 
  custom:container-demuxer-webm: 4f35f7cbe854078d1ac9338744f61a02 -> 
  custom:video-encoder-webm-vp8: eb34c28f22e8b96e1ab97ce403110664 -> 
  custom:video-codec-MediaFoundation-h265: 746d11721c4dcdbdad8f713fa42b33f4 -> 
  custom:audio-encoder-webm-vorbis: bf7c407c2cedff20999df2af8eb42d56 -> 
  custom:framework-win-MediaFoundation: 216162199b28c13a410421893ffa2e32 -> 
  custom:container-demuxer-ogg: 62fdf1f143b41e24485cea50d1cbac27 -> 
  custom:video-decoder-webm-vp8: 9c59270c3fd7afecdb556c50c9e8de78 -> 
  custom:audio-decoder-ogg-vorbis: bf7c407c2cedff20999df2af8eb42d56 -> 
========================================================================
Received Import Request.
  Time since last request: 263658.093523 seconds.
  path: Assets/Scripts/Editor/StartObject.cs
  artifactKey: Guid(fe8630840d42d9d48bd26b177ca464a6) Importer(815301076,1909f56bfc062723c751e8b465ee728b)
Start importing Assets/Scripts/Editor/StartObject.cs using Guid(fe8630840d42d9d48bd26b177ca464a6) Importer(815301076,1909f56bfc062723c751e8b465ee728b)  -> (artifact id: 'fc23beb6b09953b3e72c1b17cb482fcc') in 0.035816 seconds 
========================================================================
Received Import Request.
  Time since last request: 7.348382 seconds.
  path: Assets/Scripts/Editor/LineDrawer.cs
  artifactKey: Guid(2eb319e4ad4a4654fa7ab6950114e7b0) Importer(815301076,1909f56bfc062723c751e8b465ee728b)
Start importing Assets/Scripts/Editor/LineDrawer.cs using Guid(2eb319e4ad4a4654fa7ab6950114e7b0) Importer(815301076,1909f56bfc062723c751e8b465ee728b)  -> (artifact id: 'd0f69586cf9dc521951f772f2992e8a6') in 0.005027 seconds 
========================================================================
Received Import Request.
  Time since last request: 1.372658 seconds.
  path: Assets/Scripts/Editor/EndObject.cs
  artifactKey: Guid(0adb2602993079a48a8bb7fd863364c5) Importer(815301076,1909f56bfc062723c751e8b465ee728b)
Start importing Assets/Scripts/Editor/EndObject.cs using Guid(0adb2602993079a48a8bb7fd863364c5) Importer(815301076,1909f56bfc062723c751e8b465ee728b)  -> (artifact id: 'c10235ee694758b26aec30b329c38edf') in 0.004131 seconds 
========================================================================
Received Import Request.
  Time since last request: 0.711804 seconds.
  path: Assets/Scripts/Editor/DrawTest_V2.cs
  artifactKey: Guid(bc2a26ba2dab41f4dab8a707edec4cac) Importer(815301076,1909f56bfc062723c751e8b465ee728b)
Start importing Assets/Scripts/Editor/DrawTest_V2.cs using Guid(bc2a26ba2dab41f4dab8a707edec4cac) Importer(815301076,1909f56bfc062723c751e8b465ee728b)  -> (artifact id: '366f8c4abb649ccd973437b327c8a696') in 0.002934 seconds 
========================================================================
Received Import Request.
  Time since last request: 0.966858 seconds.
  path: Assets/Scripts/Editor/CollisionTest.cs
  artifactKey: Guid(457937e8c42248c42b09c8deb504d07a) Importer(815301076,1909f56bfc062723c751e8b465ee728b)
Start importing Assets/Scripts/Editor/CollisionTest.cs using Guid(457937e8c42248c42b09c8deb504d07a) Importer(815301076,1909f56bfc062723c751e8b465ee728b)  -> (artifact id: 'c3ea7ca7b898befa8e37399189648396') in 0.006483 seconds 
========================================================================
Received Import Request.
  Time since last request: 328.492442 seconds.
  path: Assets/Scenes/Title.unity
  artifactKey: Guid(8392bb933051d05449008457e5b366f6) Importer(815301076,1909f56bfc062723c751e8b465ee728b)
Start importing Assets/Scenes/Title.unity using Guid(8392bb933051d05449008457e5b366f6) Importer(815301076,1909f56bfc062723c751e8b465ee728b)  -> (artifact id: 'dd2a3edaef8360949c994d93f0f60e51') in 0.006260 seconds 
========================================================================
Received Import Request.
  Time since last request: 667.413273 seconds.
  path: Assets/Scenes/play.unity
  artifactKey: Guid(4cf57d46485a4b24ca94550d5dbf4e0f) Importer(815301076,1909f56bfc062723c751e8b465ee728b)
Start importing Assets/Scenes/play.unity using Guid(4cf57d46485a4b24ca94550d5dbf4e0f) Importer(815301076,1909f56bfc062723c751e8b465ee728b)  -> (artifact id: '325fa6d07b67c6e7d31b56dc70315e7b') in 0.010639 seconds 
========================================================================
Received Import Request.
  Time since last request: 98.849867 seconds.
  path: Assets/Texcures/Stage5.png
  artifactKey: Guid(45a2454ee0f68df468b113e6ed92f1d9) Importer(815301076,1909f56bfc062723c751e8b465ee728b)
Start importing Assets/Texcures/Stage5.png using Guid(45a2454ee0f68df468b113e6ed92f1d9) Importer(815301076,1909f56bfc062723c751e8b465ee728b)  -> (artifact id: 'cc30cee69f3184ff6b81a658374b74ea') in 0.058195 seconds 
========================================================================
Received Import Request.
  Time since last request: 25.174591 seconds.
  path: Assets/Bakery/BakeryMetaPass.cginc
  artifactKey: Guid(1d6fa63b3a54ade469dc0fa038f0c81b) Importer(815301076,1909f56bfc062723c751e8b465ee728b)
Start importing Assets/Bakery/BakeryMetaPass.cginc using Guid(1d6fa63b3a54ade469dc0fa038f0c81b) Importer(815301076,1909f56bfc062723c751e8b465ee728b)  -> (artifact id: '936e0279890491082d77c6b2e7d6f12d') in 0.011316 seconds 
========================================================================
Received Import Request.
  Time since last request: 0.011081 seconds.
  path: Assets/Bakery/emptyLightingData.asset
  artifactKey: Guid(8b4edc58204bf354c9dd12ceacc42350) Importer(815301076,1909f56bfc062723c751e8b465ee728b)
Start importing Assets/Bakery/emptyLightingData.asset using Guid(8b4edc58204bf354c9dd12ceacc42350) Importer(815301076,1909f56bfc062723c751e8b465ee728b) Lighting data asset ‘emptyLightingData’ is incompatible with the current Unity version. Please use Generate Lighting to rebuild the lighting data. Realtime Global Illumination cannot be used until the lighting data is rebuilt.
0x00007ff63695e10d (Unity) StackWalker::GetCurrentCallstack
0x00007ff636964e69 (Unity) StackWalker::ShowCallstack
0x00007ff6378d09d3 (Unity) GetStacktrace
0x00007ff637f627dd (Unity) DebugStringToFile
0x00007ff637a1c142 (Unity) LightingDataAsset::CheckConsistency
0x00007ff636938219 (Unity) AwakeFromLoadQueue::InvokePersistentManagerAwake
0x00007ff636938fdc (Unity) AwakeFromLoadQueue::PersistentManagerAwakeFromLoad
0x00007ff636939143 (Unity) AwakeFromLoadQueue::PersistentManagerAwakeFromLoad
0x00007ff63690b902 (Unity) PersistentManager::IntegrateAllThreadedObjects
0x00007ff63690c390 (Unity) PersistentManager::LoadAndIntegrateAllPreallocatedObjects
0x00007ff6369102e2 (Unity) PersistentManager::ReadObject
0x00007ff637bb3ac1 (Unity) WritePreviews
0x00007ff637babef5 (Unity) PreviewImporter::GenerateAssetData
0x00007ff637bf1dbe (Unity) ImportToObjects
0x00007ff637bf0d23 (Unity) ImportAsset
0x00007ff637c136d2 (Unity) AssetImportWorker::Import
0x00007ff637c789a4 (Unity) <lambda_28a9dd63239995ea16631cf66756f7a6>::operator()
0x00007ff637cb9c22 (Unity) asio::detail::completion_handler<core::mutable_function<void __cdecl(void)>,asio::io_context::basic_executor_type<std::allocator<void>,0> >::do_complete
0x00007ff637ca620e (Unity) asio::detail::win_iocp_io_context::do_one
0x00007ff637ca7f04 (Unity) asio::detail::win_iocp_io_context::run
0x00007ff637cb829e (Unity) IOService::Run
0x00007ff637c8b32f (Unity) AssetImportWorkerClient::Run
0x00007ff637c55bf3 (Unity) RunAssetImportWorkerClientV2
0x00007ff637c55c7b (Unity) RunAssetImporterV2
0x00007ff63747fb94 (Unity) Application::InitializeProject
0x00007ff6378db118 (Unity) WinMain
0x00007ff638c0ab6e (Unity) __scrt_common_main_seh
0x00007fffff8e257d (KERNEL32) BaseThreadInitThunk
0x00007ff801c0aa58 (ntdll) RtlUserThreadStart

Lighting data asset ‘emptyLightingData’ is incompatible with the current Unity version because the scene it was baked for was not serialized. Please use Generate Lighting to rebuild the lighting data, or assign the target scene to the Lighting Data Asset in the inspector.
0x00007ff63695e10d (Unity) StackWalker::GetCurrentCallstack
0x00007ff636964e69 (Unity) StackWalker::ShowCallstack
0x00007ff6378d09d3 (Unity) GetStacktrace
0x00007ff637f627dd (Unity) DebugStringToFile
0x00007ff637a1c334 (Unity) LightingDataAsset::CheckConsistency
0x00007ff636938219 (Unity) AwakeFromLoadQueue::InvokePersistentManagerAwake
0x00007ff636938fdc (Unity) AwakeFromLoadQueue::PersistentManagerAwakeFromLoad
0x00007ff636939143 (Unity) AwakeFromLoadQueue::PersistentManagerAwakeFromLoad
0x00007ff63690b902 (Unity) PersistentManager::IntegrateAllThreadedObjects
0x00007ff63690c390 (Unity) PersistentManager::LoadAndIntegrateAllPreallocatedObjects
0x00007ff6369102e2 (Unity) PersistentManager::ReadObject
0x00007ff637bb3ac1 (Unity) WritePreviews
0x00007ff637babef5 (Unity) PreviewImporter::GenerateAssetData
0x00007ff637bf1dbe (Unity) ImportToObjects
0x00007ff637bf0d23 (Unity) ImportAsset
0x00007ff637c136d2 (Unity) AssetImportWorker::Import
0x00007ff637c789a4 (Unity) <lambda_28a9dd63239995ea16631cf66756f7a6>::operator()
0x00007ff637cb9c22 (Unity) asio::detail::completion_handler<core::mutable_function<void __cdecl(void)>,asio::io_context::basic_executor_type<std::allocator<void>,0> >::do_complete
0x00007ff637ca620e (Unity) asio::detail::win_iocp_io_context::do_one
0x00007ff637ca7f04 (Unity) asio::detail::win_iocp_io_context::run
0x00007ff637cb829e (Unity) IOService::Run
0x00007ff637c8b32f (Unity) AssetImportWorkerClient::Run
0x00007ff637c55bf3 (Unity) RunAssetImportWorkerClientV2
0x00007ff637c55c7b (Unity) RunAssetImporterV2
0x00007ff63747fb94 (Unity) Application::InitializeProject
0x00007ff6378db118 (Unity) WinMain
0x00007ff638c0ab6e (Unity) __scrt_common_main_seh
0x00007fffff8e257d (KERNEL32) BaseThreadInitThunk
0x00007ff801c0aa58 (ntdll) RtlUserThreadStart

 -> (artifact id: '406240b88e2cee7b28dd57b66e139132') in 0.471351 seconds 
========================================================================
Received Import Request.
  Time since last request: 1.327761 seconds.
  path: Assets/Bakery/ftUnitySpotTexture.bmp
  artifactKey: Guid(3a66602b8cc7fdd4ab57d07b4176432b) Importer(815301076,1909f56bfc062723c751e8b465ee728b)
Start importing Assets/Bakery/ftUnitySpotTexture.bmp using Guid(3a66602b8cc7fdd4ab57d07b4176432b) Importer(815301076,1909f56bfc062723c751e8b465ee728b)  -> (artifact id: '268e19c7ab448c6dbbf6f08d77e82534') in 0.016110 seconds 
========================================================================
Received Import Request.
  Time since last request: 1.816541 seconds.
  path: Assets/BakeryLightmaps/Title_LM0_final.hdr
  artifactKey: Guid(743b0c553477a8d4ab8d83d60e023cd9) Importer(815301076,1909f56bfc062723c751e8b465ee728b)
Start importing Assets/BakeryLightmaps/Title_LM0_final.hdr using Guid(743b0c553477a8d4ab8d83d60e023cd9) Importer(815301076,1909f56bfc062723c751e8b465ee728b)  -> (artifact id: 'f0a6d1cec0886fcf0bd593b40487b980') in 0.048342 seconds 
========================================================================
Received Import Request.
  Time since last request: 0.000026 seconds.
  path: Assets/BakeryLightmaps/Title_LMA8_final.hdr
  artifactKey: Guid(58a316c05fad4a04a849b14b99e82596) Importer(815301076,1909f56bfc062723c751e8b465ee728b)
Start importing Assets/BakeryLightmaps/Title_LMA8_final.hdr using Guid(58a316c05fad4a04a849b14b99e82596) Importer(815301076,1909f56bfc062723c751e8b465ee728b)  -> (artifact id: '9893cb252ab71fa9408fe1b984e477b0') in 0.019416 seconds 
========================================================================
Received Import Request.
  Time since last request: 0.000038 seconds.
  path: Assets/BakeryLightmaps/Title_LMA3_final.hdr
  artifactKey: Guid(2798d9474f2f49c4f8149634287eb66f) Importer(815301076,1909f56bfc062723c751e8b465ee728b)
Start importing Assets/BakeryLightmaps/Title_LMA3_final.hdr using Guid(2798d9474f2f49c4f8149634287eb66f) Importer(815301076,1909f56bfc062723c751e8b465ee728b)  -> (artifact id: 'aa078284867a8e70a8d1b395bfb47f2a') in 0.017650 seconds 
========================================================================
Received Import Request.
  Time since last request: 0.000027 seconds.
  path: Assets/BakeryLightmaps/Title_LMA6_final.hdr
  artifactKey: Guid(1d9fc1f1c99996140b451bfd36e6eff9) Importer(815301076,1909f56bfc062723c751e8b465ee728b)
Start importing Assets/BakeryLightmaps/Title_LMA6_final.hdr using Guid(1d9fc1f1c99996140b451bfd36e6eff9) Importer(815301076,1909f56bfc062723c751e8b465ee728b)  -> (artifact id: '700184dcf1def6e2026665382685a092') in 0.016834 seconds 
========================================================================
Received Import Request.
  Time since last request: 0.000065 seconds.
  path: Assets/BakeryLightmaps/Title_LMA2_final.hdr
  artifactKey: Guid(b6ebb7edade400446b8cc8c15d77aa2f) Importer(815301076,1909f56bfc062723c751e8b465ee728b)
Start importing Assets/BakeryLightmaps/Title_LMA2_final.hdr using Guid(b6ebb7edade400446b8cc8c15d77aa2f) Importer(815301076,1909f56bfc062723c751e8b465ee728b)  -> (artifact id: '29834627415bbaf722d6eb8809a52585') in 0.016218 seconds 
========================================================================
Received Import Request.
  Time since last request: 59.229616 seconds.
  path: Assets/prefabs/Light.fbx
  artifactKey: Guid(61ac3754e108a3b4eac43f05055751f1) Importer(815301076,1909f56bfc062723c751e8b465ee728b)
Start importing Assets/prefabs/Light.fbx using Guid(61ac3754e108a3b4eac43f05055751f1) Importer(815301076,1909f56bfc062723c751e8b465ee728b)  -> (artifact id: '8fbbba9ebaf7cf2513e064a921e98f20') in 0.153919 seconds 
Editor requested this worker to shutdown with reason: Scaling down because of idle timeout
AssetImportWorker is now disconnected from the server
Process exiting
Exiting without the bug reporter. Application will terminate with return code 0